#
# There is insufficient memory for the Java Runtime Environment to continue.
# Native memory allocation (mmap) failed to map 530579456 bytes for committing reserved memory.
# Possible reasons:
#   The system is out of physical RAM or swap space
#   The process is running with CompressedOops enabled, and the Java Heap may be blocking the growth of the native heap
# Possible solutions:
#   Reduce memory load on the system
#   Increase physical memory or swap space
#   Check if swap backing store is full
#   Decrease Java heap size (-Xmx/-Xms)
#   Decrease number of Java threads
#   Decrease Java thread stack sizes (-Xss)
#   Set larger code cache with -XX:ReservedCodeCacheSize=
#   JVM is running with Unscaled Compressed Oops mode in which the Java heap is
#     placed in the first 4GB address space. The Java Heap base address is the
#     maximum limit for the native heap growth. Please use -XX:HeapBaseMinAddress
#     to set the Java Heap base and to place the Java Heap above 4GB virtual address.
# This output file may be truncated or incomplete.
#
#  Out of Memory Error (os_linux.cpp:2709), pid=31568, tid=31586
#
# JRE version: OpenJDK Runtime Environment (11.0.1+13) (build 11.0.1+13-Ubuntu-3ubuntu3.18.10.1)
# Java VM: OpenJDK 64-Bit Server VM (11.0.1+13-Ubuntu-3ubuntu3.18.10.1, mixed mode, sharing, tiered, compressed oops, g1 gc, linux-amd64)
# Core dump will be written. Default location: Core dumps may be processed with "/usr/share/apport/apport %p %s %c %d %P" (or dumping to /home/admin1/Desktop/Aksh/FundooApp/noteservice/core.31568)
#

---------------  S U M M A R Y ------------

Command Line: -Dcom.sun.management.jmxremote -Dcom.sun.management.jmxremote.port=37223 -Dcom.sun.management.jmxremote.authenticate=false -Dcom.sun.management.jmxremote.ssl=false -Djava.rmi.server.hostname=localhost -Dspring.liveBeansView.mbeanDomain -Dspring.application.admin.enabled=true -Djava.security.egd=file:/dev/./urandom -Xverify:none -XX:TieredStopAtLevel=1 -Dfile.encoding=UTF-8 com.api.notes.NoteserviceApplication --spring.output.ansi.enabled=always

Host: Intel(R) Core(TM) i5-2500 CPU @ 3.30GHz, 4 cores, 7G, Ubuntu 18.10
Time: Wed Mar  6 17:40:18 2019 IST elapsed time: 7 seconds (0d 0h 0m 7s)

---------------  T H R E A D  ---------------

Current thread (0x00007efd64106000):  VMThread "VM Thread" [stack: 0x00007efd4c00a000,0x00007efd4c10a000] [id=31586]

Stack: [0x00007efd4c00a000,0x00007efd4c10a000],  sp=0x00007efd4c108050,  free space=1016k
Native frames: (J=compiled Java code, A=aot compiled Java code, j=interpreted, Vv=VM code, C=native code)
V  [libjvm.so+0xd531ce]
V  [libjvm.so+0xd53e0b]
V  [libjvm.so+0x6583a5]
V  [libjvm.so+0xb60ec8]
V  [libjvm.so+0xb5833d]
V  [libjvm.so+0x765dff]
V  [libjvm.so+0x7661ae]
V  [libjvm.so+0x76f836]
V  [libjvm.so+0x7e4194]
V  [libjvm.so+0x7e4da0]
V  [libjvm.so+0x7e51d7]
V  [libjvm.so+0x72c9a0]
V  [libjvm.so+0x73111e]
V  [libjvm.so+0xd66b64]
V  [libjvm.so+0xd657c8]
V  [libjvm.so+0xd640f7]
V  [libjvm.so+0xd6476e]
V  [libjvm.so+0xd649db]
V  [libjvm.so+0xb65750]

VM_Operation (0x00007efd6bbbdd90): G1CollectForAllocation, mode: safepoint, requested by thread 0x00007efd64013800


---------------  P R O C E S S  ---------------

Threads class SMR info:
_java_thread_list=0x00007efd040b17b0, length=16, elements={
0x00007efd64013800, 0x00007efd64109000, 0x00007efd6410b000, 0x00007efd64110800,
0x00007efd64112800, 0x00007efd64114800, 0x00007efd6412a000, 0x00007efd64159000,
0x00007efd20184800, 0x00007efd64553800, 0x00007efd6455a000, 0x00007efd64572800,
0x00007efcfc001000, 0x00007efce400d000, 0x00007efd08003800, 0x00007efcdc00d800
}

Java Threads: ( => current thread )
  0x00007efd64013800 JavaThread "main" [_thread_blocked, id=31578, stack(0x00007efd6bac1000,0x00007efd6bbc2000)]
  0x00007efd64109000 JavaThread "Reference Handler" daemon [_thread_blocked, id=31588, stack(0x00007efd4403f000,0x00007efd44140000)]
  0x00007efd6410b000 JavaThread "Finalizer" daemon [_thread_blocked, id=31590, stack(0x00007efd2feff000,0x00007efd30000000)]
  0x00007efd64110800 JavaThread "Signal Dispatcher" daemon [_thread_blocked, id=31592, stack(0x00007efd2f023000,0x00007efd2f124000)]
  0x00007efd64112800 JavaThread "C1 CompilerThread0" daemon [_thread_blocked, id=31594, stack(0x00007efd2ef22000,0x00007efd2f023000)]
  0x00007efd64114800 JavaThread "Sweeper thread" daemon [_thread_blocked, id=31595, stack(0x00007efd2ee21000,0x00007efd2ef22000)]
  0x00007efd6412a000 JavaThread "Common-Cleaner" daemon [_thread_blocked, id=31600, stack(0x00007efd2ed20000,0x00007efd2ee21000)]
  0x00007efd64159000 JavaThread "Service Thread" daemon [_thread_blocked, id=31605, stack(0x00007efd2ec1f000,0x00007efd2ed20000)]
  0x00007efd20184800 JavaThread "C1 CompilerThread1" daemon [_thread_blocked, id=31608, stack(0x00007efd2eaed000,0x00007efd2ebee000)]
  0x00007efd64553800 JavaThread "RMI TCP Accept-0" daemon [_thread_in_native, id=31610, stack(0x00007efd2e6cc000,0x00007efd2e7cd000)]
  0x00007efd6455a000 JavaThread "RMI TCP Accept-37223" daemon [_thread_in_native, id=31611, stack(0x00007efd2e5cb000,0x00007efd2e6cc000)]
  0x00007efd64572800 JavaThread "RMI TCP Accept-0" daemon [_thread_in_native, id=31612, stack(0x00007efd2e4ca000,0x00007efd2e5cb000)]
  0x00007efcfc001000 JavaThread "RMI TCP Connection(1)-127.0.0.1" daemon [_thread_in_native, id=31628, stack(0x00007efd2dfc1000,0x00007efd2e0c2000)]
  0x00007efce400d000 JavaThread "RMI Scheduler(0)" daemon [_thread_blocked, id=31631, stack(0x00007efd2dec0000,0x00007efd2dfc1000)]
  0x00007efd08003800 JavaThread "RMI TCP Connection(2)-127.0.0.1" daemon [_thread_in_native, id=31632, stack(0x00007efd2ddbf000,0x00007efd2dec0000)]
  0x00007efcdc00d800 JavaThread "JMX server connection timeout 18" daemon [_thread_blocked, id=31634, stack(0x00007efd2dcbe000,0x00007efd2ddbf000)]

Other Threads:
=>0x00007efd64106000 VMThread "VM Thread" [stack: 0x00007efd4c00a000,0x00007efd4c10a000] [id=31586]
  0x00007efd64575800 WatcherThread [stack: 0x00007efd2e3ca000,0x00007efd2e4ca000] [id=31613]
  0x00007efd64029000 GCTaskThread "GC Thread#0" [stack: 0x00007efd6b774000,0x00007efd6b874000] [id=31579]
  0x00007efd34001000 GCTaskThread "GC Thread#1" [stack: 0x00007efd2e2c8000,0x00007efd2e3c8000] [id=31614]
  0x00007efd34002800 GCTaskThread "GC Thread#2" [stack: 0x00007efd2e1c6000,0x00007efd2e2c6000] [id=31615]
  0x00007efd34005000 GCTaskThread "GC Thread#3" [stack: 0x00007efd2dabd000,0x00007efd2dbbd000] [id=31636]
  0x00007efd6405a000 ConcurrentGCThread "G1 Main Marker" [stack: 0x00007efd687e4000,0x00007efd688e4000] [id=31580]
  0x00007efd6405b800 ConcurrentGCThread "G1 Conc#0" [stack: 0x00007efd686e2000,0x00007efd687e2000] [id=31581]
  0x00007efd640d4000 ConcurrentGCThread "G1 Refine#0" [stack: 0x00007efd681dc000,0x00007efd682dc000] [id=31583]
  0x00007efd3c001000 ConcurrentGCThread "G1 Refine#1" [stack: 0x00007efd2e0c4000,0x00007efd2e1c4000] [id=31617]
  0x00007efd640d5800 ConcurrentGCThread "G1 Young RemSet Sampling" [stack: 0x00007efd680da000,0x00007efd681da000] [id=31584]

Threads with active compile tasks:
C1 CompilerThread03340       1       org.springframework.core.ResolvableType::resolveType (151 bytes)
C1 CompilerThread13341   !   1       org.springframework.util.ReflectionUtils::getDeclaredMethods (186 bytes)

VM state:at safepoint (normal execution)

VM Mutex/Monitor currently owned by a thread:  ([mutex/lock_event])
[0x00007efd64010820] Threads_lock - owner thread: 0x00007efd64106000
[0x00007efd64010f70] Heap_lock - owner thread: 0x00007efd64013800

Heap address: 0x0000000085000000, size: 1968 MB, Compressed Oops mode: 32-bit
Narrow klass base: 0x0000000800000000, Narrow klass shift: 3
Compressed class space size: 1073741824 Address: 0x0000000840000000

Heap:
 garbage-first heap   total 777216K, used 16647K [0x0000000085000000, 0x0000000100000000)
  region size 1024K, 2 young (2048K), 2 survivors (2048K)
 Metaspace       used 22800K, capacity 23810K, committed 23984K, reserved 1069056K
  class space    used 3185K, capacity 3579K, committed 3584K, reserved 1048576K
Heap Regions: E=young(eden), S=young(survivor), O=old, HS=humongous(starts), HC=humongous(continues), CS=collection set, F=free, A=archive, TAMS=top-at-mark-start (previous, next)
|   0|0x0000000085000000, 0x0000000085100000, 0x0000000085100000|100%|HS|  |TAMS 0x0000000085100000, 0x0000000085000000| Complete 
|   1|0x0000000085100000, 0x0000000085200000, 0x0000000085200000|100%| O|  |TAMS 0x0000000085200000, 0x0000000085100000| Untracked 
|   2|0x0000000085200000, 0x0000000085300000, 0x0000000085300000|100%| O|  |TAMS 0x0000000085300000, 0x0000000085200000| Untracked 
|   3|0x0000000085300000, 0x0000000085400000, 0x0000000085400000|100%| O|  |TAMS 0x0000000085400000, 0x0000000085300000| Untracked 
|   4|0x0000000085400000, 0x0000000085500000, 0x0000000085500000|100%| O|  |TAMS 0x0000000085500000, 0x0000000085400000| Untracked 
|   5|0x0000000085500000, 0x0000000085600000, 0x0000000085600000|100%| O|  |TAMS 0x0000000085600000, 0x0000000085500000| Untracked 
|   6|0x0000000085600000, 0x0000000085700000, 0x0000000085700000|100%| O|  |TAMS 0x0000000085700000, 0x0000000085600000| Untracked 
|   7|0x0000000085700000, 0x0000000085800000, 0x0000000085800000|100%| O|  |TAMS 0x000000008570de00, 0x0000000085700000| Untracked 
|   8|0x0000000085800000, 0x0000000085900000, 0x0000000085900000|100%| O|  |TAMS 0x0000000085800000, 0x0000000085800000| Untracked 
|   9|0x0000000085900000, 0x0000000085a00000, 0x0000000085a00000|100%| O|  |TAMS 0x0000000085900000, 0x0000000085900000| Untracked 
|  10|0x0000000085a00000, 0x0000000085b00000, 0x0000000085b00000|100%| O|  |TAMS 0x0000000085a00000, 0x0000000085a00000| Untracked 
|  11|0x0000000085b00000, 0x0000000085c00000, 0x0000000085c00000|100%| O|  |TAMS 0x0000000085b00000, 0x0000000085b00000| Untracked 
|  12|0x0000000085c00000, 0x0000000085d00000, 0x0000000085d00000|100%| O|  |TAMS 0x0000000085c00000, 0x0000000085c00000| Untracked 
|  13|0x0000000085d00000, 0x0000000085e00000, 0x0000000085e00000|100%| O|  |TAMS 0x0000000085d00000, 0x0000000085d00000| Untracked 
|  14|0x0000000085e00000, 0x0000000085e86600, 0x0000000085f00000| 52%| O|  |TAMS 0x0000000085e00000, 0x0000000085e00000| Untracked 
|  15|0x0000000085f00000, 0x0000000085f00000, 0x0000000086000000|  0%| F|  |TAMS 0x0000000085f00000, 0x0000000085f00000| Untracked 
|  16|0x0000000086000000, 0x0000000086000000, 0x0000000086100000|  0%| F|  |TAMS 0x0000000086000000, 0x0000000086000000| Untracked 
|  17|0x0000000086100000, 0x0000000086100000, 0x0000000086200000|  0%| F|  |TAMS 0x0000000086100000, 0x0000000086100000| Untracked 
|  18|0x0000000086200000, 0x0000000086200000, 0x0000000086300000|  0%| F|  |TAMS 0x0000000086200000, 0x0000000086200000| Untracked 
|  19|0x0000000086300000, 0x0000000086300000, 0x0000000086400000|  0%| F|  |TAMS 0x0000000086300000, 0x0000000086300000| Untracked 
|  20|0x0000000086400000, 0x0000000086400000, 0x0000000086500000|  0%| F|  |TAMS 0x0000000086400000, 0x0000000086400000| Untracked 
|  21|0x0000000086500000, 0x0000000086500000, 0x0000000086600000|  0%| F|  |TAMS 0x0000000086500000, 0x0000000086500000| Untracked 
|  22|0x0000000086600000, 0x0000000086600000, 0x0000000086700000|  0%| F|  |TAMS 0x0000000086600000, 0x0000000086600000| Untracked 
|  23|0x0000000086700000, 0x0000000086700000, 0x0000000086800000|  0%| F|  |TAMS 0x0000000086700000, 0x0000000086700000| Untracked 
|  24|0x0000000086800000, 0x0000000086800000, 0x0000000086900000|  0%| F|  |TAMS 0x0000000086800000, 0x0000000086800000| Untracked 
|  25|0x0000000086900000, 0x0000000086900000, 0x0000000086a00000|  0%| F|  |TAMS 0x0000000086900000, 0x0000000086900000| Untracked 
|  26|0x0000000086a00000, 0x0000000086a00000, 0x0000000086b00000|  0%| F|  |TAMS 0x0000000086a00000, 0x0000000086a00000| Untracked 
|  27|0x0000000086b00000, 0x0000000086b00000, 0x0000000086c00000|  0%| F|  |TAMS 0x0000000086b00000, 0x0000000086b00000| Untracked 
|  28|0x0000000086c00000, 0x0000000086c00000, 0x0000000086d00000|  0%| F|  |TAMS 0x0000000086c00000, 0x0000000086c00000| Untracked 
|  29|0x0000000086d00000, 0x0000000086d00000, 0x0000000086e00000|  0%| F|  |TAMS 0x0000000086d00000, 0x0000000086d00000| Untracked 
|  30|0x0000000086e00000, 0x0000000086e00000, 0x0000000086f00000|  0%| F|  |TAMS 0x0000000086e00000, 0x0000000086e00000| Untracked 
|  31|0x0000000086f00000, 0x0000000086f00000, 0x0000000087000000|  0%| F|  |TAMS 0x0000000086f00000, 0x0000000086f00000| Untracked 
|  32|0x0000000087000000, 0x0000000087000000, 0x0000000087100000|  0%| F|  |TAMS 0x0000000087000000, 0x0000000087000000| Untracked 
|  33|0x0000000087100000, 0x0000000087100000, 0x0000000087200000|  0%| F|  |TAMS 0x0000000087100000, 0x0000000087100000| Untracked 
|  34|0x0000000087200000, 0x0000000087200000, 0x0000000087300000|  0%| F|  |TAMS 0x0000000087200000, 0x0000000087200000| Untracked 
|  35|0x0000000087300000, 0x0000000087300000, 0x0000000087400000|  0%| F|  |TAMS 0x0000000087300000, 0x0000000087300000| Untracked 
|  36|0x0000000087400000, 0x0000000087400000, 0x0000000087500000|  0%| F|  |TAMS 0x0000000087400000, 0x0000000087400000| Untracked 
|  37|0x0000000087500000, 0x0000000087500000, 0x0000000087600000|  0%| F|  |TAMS 0x0000000087500000, 0x0000000087500000| Untracked 
|  38|0x0000000087600000, 0x0000000087600000, 0x0000000087700000|  0%| F|  |TAMS 0x0000000087600000, 0x0000000087600000| Untracked 
|  39|0x0000000087700000, 0x0000000087700000, 0x0000000087800000|  0%| F|  |TAMS 0x0000000087700000, 0x0000000087700000| Untracked 
|  40|0x0000000087800000, 0x0000000087800000, 0x0000000087900000|  0%| F|  |TAMS 0x0000000087800000, 0x0000000087800000| Untracked 
|  41|0x0000000087900000, 0x0000000087900000, 0x0000000087a00000|  0%| F|  |TAMS 0x0000000087900000, 0x0000000087900000| Untracked 
|  42|0x0000000087a00000, 0x0000000087a00000, 0x0000000087b00000|  0%| F|  |TAMS 0x0000000087a00000, 0x0000000087a00000| Untracked 
|  43|0x0000000087b00000, 0x0000000087b00000, 0x0000000087c00000|  0%| F|  |TAMS 0x0000000087b00000, 0x0000000087b00000| Untracked 
|  44|0x0000000087c00000, 0x0000000087c00000, 0x0000000087d00000|  0%| F|  |TAMS 0x0000000087c00000, 0x0000000087c00000| Untracked 
|  45|0x0000000087d00000, 0x0000000087d00000, 0x0000000087e00000|  0%| F|  |TAMS 0x0000000087d00000, 0x0000000087d00000| Untracked 
|  46|0x0000000087e00000, 0x0000000087e00000, 0x0000000087f00000|  0%| F|  |TAMS 0x0000000087e00000, 0x0000000087e00000| Untracked 
|  47|0x0000000087f00000, 0x0000000087f00000, 0x0000000088000000|  0%| F|  |TAMS 0x0000000087f00000, 0x0000000087f00000| Untracked 
|  48|0x0000000088000000, 0x0000000088000000, 0x0000000088100000|  0%| F|  |TAMS 0x0000000088000000, 0x0000000088000000| Untracked 
|  49|0x0000000088100000, 0x0000000088100000, 0x0000000088200000|  0%| F|  |TAMS 0x0000000088100000, 0x0000000088100000| Untracked 
|  50|0x0000000088200000, 0x0000000088200000, 0x0000000088300000|  0%| F|  |TAMS 0x0000000088200000, 0x0000000088200000| Untracked 
|  51|0x0000000088300000, 0x0000000088300000, 0x0000000088400000|  0%| F|  |TAMS 0x0000000088300000, 0x0000000088300000| Untracked 
|  52|0x0000000088400000, 0x0000000088400000, 0x0000000088500000|  0%| F|  |TAMS 0x0000000088400000, 0x0000000088400000| Untracked 
|  53|0x0000000088500000, 0x0000000088500000, 0x0000000088600000|  0%| F|  |TAMS 0x0000000088500000, 0x0000000088500000| Untracked 
|  54|0x0000000088600000, 0x0000000088600000, 0x0000000088700000|  0%| F|  |TAMS 0x0000000088600000, 0x0000000088600000| Untracked 
|  55|0x0000000088700000, 0x0000000088700000, 0x0000000088800000|  0%| F|  |TAMS 0x0000000088700000, 0x0000000088700000| Untracked 
|  56|0x0000000088800000, 0x0000000088800000, 0x0000000088900000|  0%| F|  |TAMS 0x0000000088800000, 0x0000000088800000| Untracked 
|  57|0x0000000088900000, 0x0000000088900000, 0x0000000088a00000|  0%| F|  |TAMS 0x0000000088900000, 0x0000000088900000| Untracked 
|  58|0x0000000088a00000, 0x0000000088a00000, 0x0000000088b00000|  0%| F|  |TAMS 0x0000000088a00000, 0x0000000088a00000| Untracked 
|  59|0x0000000088b00000, 0x0000000088b00000, 0x0000000088c00000|  0%| F|  |TAMS 0x0000000088b00000, 0x0000000088b00000| Untracked 
|  60|0x0000000088c00000, 0x0000000088c00000, 0x0000000088d00000|  0%| F|  |TAMS 0x0000000088c00000, 0x0000000088c00000| Untracked 
|  61|0x0000000088d00000, 0x0000000088d00000, 0x0000000088e00000|  0%| F|  |TAMS 0x0000000088d00000, 0x0000000088d00000| Untracked 
|  62|0x0000000088e00000, 0x0000000088e00000, 0x0000000088f00000|  0%| F|  |TAMS 0x0000000088e00000, 0x0000000088e00000| Untracked 
|  63|0x0000000088f00000, 0x0000000088f00000, 0x0000000089000000|  0%| F|  |TAMS 0x0000000088f00000, 0x0000000088f00000| Untracked 
|  64|0x0000000089000000, 0x0000000089000000, 0x0000000089100000|  0%| F|  |TAMS 0x0000000089000000, 0x0000000089000000| Untracked 
|  65|0x0000000089100000, 0x0000000089100000, 0x0000000089200000|  0%| F|  |TAMS 0x0000000089100000, 0x0000000089100000| Untracked 
|  66|0x0000000089200000, 0x0000000089200000, 0x0000000089300000|  0%| F|  |TAMS 0x0000000089200000, 0x0000000089200000| Untracked 
|  67|0x0000000089300000, 0x0000000089300000, 0x0000000089400000|  0%| F|  |TAMS 0x0000000089300000, 0x0000000089300000| Untracked 
|  68|0x0000000089400000, 0x0000000089400000, 0x0000000089500000|  0%| F|  |TAMS 0x0000000089400000, 0x0000000089400000| Untracked 
|  69|0x0000000089500000, 0x0000000089500000, 0x0000000089600000|  0%| F|  |TAMS 0x0000000089500000, 0x0000000089500000| Untracked 
|  70|0x0000000089600000, 0x0000000089600000, 0x0000000089700000|  0%| F|  |TAMS 0x0000000089600000, 0x0000000089600000| Untracked 
|  71|0x0000000089700000, 0x0000000089700000, 0x0000000089800000|  0%| F|  |TAMS 0x0000000089700000, 0x0000000089700000| Untracked 
|  72|0x0000000089800000, 0x0000000089800000, 0x0000000089900000|  0%| F|  |TAMS 0x0000000089800000, 0x0000000089800000| Untracked 
|  73|0x0000000089900000, 0x0000000089900000, 0x0000000089a00000|  0%| F|  |TAMS 0x0000000089900000, 0x0000000089900000| Untracked 
|  74|0x0000000089a00000, 0x0000000089a00000, 0x0000000089b00000|  0%| F|  |TAMS 0x0000000089a00000, 0x0000000089a00000| Untracked 
|  75|0x0000000089b00000, 0x0000000089b00000, 0x0000000089c00000|  0%| F|  |TAMS 0x0000000089b00000, 0x0000000089b00000| Untracked 
|  76|0x0000000089c00000, 0x0000000089c00000, 0x0000000089d00000|  0%| F|  |TAMS 0x0000000089c00000, 0x0000000089c00000| Untracked 
|  77|0x0000000089d00000, 0x0000000089d00000, 0x0000000089e00000|  0%| F|  |TAMS 0x0000000089d00000, 0x0000000089d00000| Untracked 
|  78|0x0000000089e00000, 0x0000000089e00000, 0x0000000089f00000|  0%| F|  |TAMS 0x0000000089e00000, 0x0000000089e00000| Untracked 
|  79|0x0000000089f00000, 0x0000000089f00000, 0x000000008a000000|  0%| F|  |TAMS 0x0000000089f00000, 0x0000000089f00000| Untracked 
|  80|0x000000008a000000, 0x000000008a000000, 0x000000008a100000|  0%| F|  |TAMS 0x000000008a000000, 0x000000008a000000| Untracked 
|  81|0x000000008a100000, 0x000000008a100000, 0x000000008a200000|  0%| F|  |TAMS 0x000000008a100000, 0x000000008a100000| Untracked 
|  82|0x000000008a200000, 0x000000008a200000, 0x000000008a300000|  0%| F|  |TAMS 0x000000008a200000, 0x000000008a200000| Untracked 
|  83|0x000000008a300000, 0x000000008a300000, 0x000000008a400000|  0%| F|  |TAMS 0x000000008a300000, 0x000000008a300000| Untracked 
|  84|0x000000008a400000, 0x000000008a400000, 0x000000008a500000|  0%| F|  |TAMS 0x000000008a400000, 0x000000008a400000| Untracked 
|  85|0x000000008a500000, 0x000000008a500000, 0x000000008a600000|  0%| F|  |TAMS 0x000000008a500000, 0x000000008a500000| Untracked 
|  86|0x000000008a600000, 0x000000008a600000, 0x000000008a700000|  0%| F|  |TAMS 0x000000008a600000, 0x000000008a600000| Untracked 
|  87|0x000000008a700000, 0x000000008a700000, 0x000000008a800000|  0%| F|  |TAMS 0x000000008a700000, 0x000000008a700000| Untracked 
|  88|0x000000008a800000, 0x000000008a800000, 0x000000008a900000|  0%| F|  |TAMS 0x000000008a800000, 0x000000008a800000| Untracked 
|  89|0x000000008a900000, 0x000000008a900000, 0x000000008aa00000|  0%| F|  |TAMS 0x000000008a900000, 0x000000008a900000| Untracked 
|  90|0x000000008aa00000, 0x000000008aa00000, 0x000000008ab00000|  0%| F|  |TAMS 0x000000008aa00000, 0x000000008aa00000| Untracked 
|  91|0x000000008ab00000, 0x000000008ab00000, 0x000000008ac00000|  0%| F|  |TAMS 0x000000008ab00000, 0x000000008ab00000| Untracked 
|  92|0x000000008ac00000, 0x000000008ac00000, 0x000000008ad00000|  0%| F|  |TAMS 0x000000008ac00000, 0x000000008ac00000| Untracked 
|  93|0x000000008ad00000, 0x000000008ad00000, 0x000000008ae00000|  0%| F|  |TAMS 0x000000008ad00000, 0x000000008ad00000| Untracked 
|  94|0x000000008ae00000, 0x000000008ae00000, 0x000000008af00000|  0%| F|  |TAMS 0x000000008ae00000, 0x000000008ae00000| Untracked 
|  95|0x000000008af00000, 0x000000008af00000, 0x000000008b000000|  0%| F|  |TAMS 0x000000008af00000, 0x000000008af00000| Untracked 
|  96|0x000000008b000000, 0x000000008b000000, 0x000000008b100000|  0%| F|  |TAMS 0x000000008b000000, 0x000000008b000000| Untracked 
|  97|0x000000008b100000, 0x000000008b100000, 0x000000008b200000|  0%| F|  |TAMS 0x000000008b100000, 0x000000008b100000| Untracked 
|  98|0x000000008b200000, 0x000000008b200000, 0x000000008b300000|  0%| F|  |TAMS 0x000000008b200000, 0x000000008b200000| Untracked 
|  99|0x000000008b300000, 0x000000008b300000, 0x000000008b400000|  0%| F|  |TAMS 0x000000008b300000, 0x000000008b300000| Untracked 
| 100|0x000000008b400000, 0x000000008b400000, 0x000000008b500000|  0%| F|  |TAMS 0x000000008b400000, 0x000000008b400000| Untracked 
| 101|0x000000008b500000, 0x000000008b500000, 0x000000008b600000|  0%| F|  |TAMS 0x000000008b500000, 0x000000008b500000| Untracked 
| 102|0x000000008b600000, 0x000000008b600000, 0x000000008b700000|  0%| F|  |TAMS 0x000000008b600000, 0x000000008b600000| Untracked 
| 103|0x000000008b700000, 0x000000008b700000, 0x000000008b800000|  0%| F|  |TAMS 0x000000008b700000, 0x000000008b700000| Untracked 
| 104|0x000000008b800000, 0x000000008b800000, 0x000000008b900000|  0%| F|  |TAMS 0x000000008b800000, 0x000000008b800000| Untracked 
| 105|0x000000008b900000, 0x000000008b900000, 0x000000008ba00000|  0%| F|  |TAMS 0x000000008b900000, 0x000000008b900000| Untracked 
| 106|0x000000008ba00000, 0x000000008ba00000, 0x000000008bb00000|  0%| F|  |TAMS 0x000000008ba00000, 0x000000008ba00000| Untracked 
| 107|0x000000008bb00000, 0x000000008bb00000, 0x000000008bc00000|  0%| F|  |TAMS 0x000000008bb00000, 0x000000008bb00000| Untracked 
| 108|0x000000008bc00000, 0x000000008bc00000, 0x000000008bd00000|  0%| F|  |TAMS 0x000000008bc00000, 0x000000008bc00000| Untracked 
| 109|0x000000008bd00000, 0x000000008bd00000, 0x000000008be00000|  0%| F|  |TAMS 0x000000008bd00000, 0x000000008bd00000| Untracked 
| 110|0x000000008be00000, 0x000000008be00000, 0x000000008bf00000|  0%| F|  |TAMS 0x000000008be00000, 0x000000008be00000| Untracked 
| 111|0x000000008bf00000, 0x000000008bf00000, 0x000000008c000000|  0%| F|  |TAMS 0x000000008bf00000, 0x000000008bf00000| Untracked 
| 112|0x000000008c000000, 0x000000008c000000, 0x000000008c100000|  0%| F|  |TAMS 0x000000008c000000, 0x000000008c000000| Untracked 
| 113|0x000000008c100000, 0x000000008c100000, 0x000000008c200000|  0%| F|  |TAMS 0x000000008c100000, 0x000000008c100000| Untracked 
| 114|0x000000008c200000, 0x000000008c200000, 0x000000008c300000|  0%| F|  |TAMS 0x000000008c200000, 0x000000008c200000| Untracked 
| 115|0x000000008c300000, 0x000000008c300000, 0x000000008c400000|  0%| F|  |TAMS 0x000000008c300000, 0x000000008c300000| Untracked 
| 116|0x000000008c400000, 0x000000008c400000, 0x000000008c500000|  0%| F|  |TAMS 0x000000008c400000, 0x000000008c400000| Untracked 
| 117|0x000000008c500000, 0x000000008c500000, 0x000000008c600000|  0%| F|  |TAMS 0x000000008c500000, 0x000000008c500000| Untracked 
| 118|0x000000008c600000, 0x000000008c600000, 0x000000008c700000|  0%| F|  |TAMS 0x000000008c600000, 0x000000008c600000| Untracked 
| 119|0x000000008c700000, 0x000000008c700000, 0x000000008c800000|  0%| F|  |TAMS 0x000000008c700000, 0x000000008c700000| Untracked 
| 120|0x000000008c800000, 0x000000008c800000, 0x000000008c900000|  0%| F|  |TAMS 0x000000008c800000, 0x000000008c800000| Untracked 
| 121|0x000000008c900000, 0x000000008c900000, 0x000000008ca00000|  0%| F|  |TAMS 0x000000008c900000, 0x000000008c900000| Untracked 
| 122|0x000000008ca00000, 0x000000008ca00000, 0x000000008cb00000|  0%| F|  |TAMS 0x000000008ca00000, 0x000000008ca00000| Untracked 
| 123|0x000000008cb00000, 0x000000008cb00000, 0x000000008cc00000|  0%| F|  |TAMS 0x000000008cb00000, 0x000000008cb00000| Untracked 
| 124|0x000000008cc00000, 0x000000008cc00000, 0x000000008cd00000|  0%| F|  |TAMS 0x000000008cc00000, 0x000000008cc00000| Untracked 
| 125|0x000000008cd00000, 0x000000008cd00000, 0x000000008ce00000|  0%| F|  |TAMS 0x000000008cd00000, 0x000000008cd00000| Untracked 
| 126|0x000000008ce00000, 0x000000008ce00000, 0x000000008cf00000|  0%| F|  |TAMS 0x000000008ce00000, 0x000000008ce00000| Untracked 
| 127|0x000000008cf00000, 0x000000008cf00000, 0x000000008d000000|  0%| F|  |TAMS 0x000000008cf00000, 0x000000008cf00000| Untracked 
| 128|0x000000008d000000, 0x000000008d000000, 0x000000008d100000|  0%| F|  |TAMS 0x000000008d000000, 0x000000008d000000| Untracked 
| 129|0x000000008d100000, 0x000000008d100000, 0x000000008d200000|  0%| F|  |TAMS 0x000000008d100000, 0x000000008d100000| Untracked 
| 130|0x000000008d200000, 0x000000008d200000, 0x000000008d300000|  0%| F|  |TAMS 0x000000008d200000, 0x000000008d200000| Untracked 
| 131|0x000000008d300000, 0x000000008d300000, 0x000000008d400000|  0%| F|  |TAMS 0x000000008d300000, 0x000000008d300000| Untracked 
| 132|0x000000008d400000, 0x000000008d400000, 0x000000008d500000|  0%| F|  |TAMS 0x000000008d400000, 0x000000008d400000| Untracked 
| 133|0x000000008d500000, 0x000000008d500000, 0x000000008d600000|  0%| F|  |TAMS 0x000000008d500000, 0x000000008d500000| Untracked 
| 134|0x000000008d600000, 0x000000008d600000, 0x000000008d700000|  0%| F|  |TAMS 0x000000008d600000, 0x000000008d600000| Untracked 
| 135|0x000000008d700000, 0x000000008d700000, 0x000000008d800000|  0%| F|  |TAMS 0x000000008d700000, 0x000000008d700000| Untracked 
| 136|0x000000008d800000, 0x000000008d800000, 0x000000008d900000|  0%| F|  |TAMS 0x000000008d800000, 0x000000008d800000| Untracked 
| 137|0x000000008d900000, 0x000000008d900000, 0x000000008da00000|  0%| F|  |TAMS 0x000000008d900000, 0x000000008d900000| Untracked 
| 138|0x000000008da00000, 0x000000008da00000, 0x000000008db00000|  0%| F|  |TAMS 0x000000008da00000, 0x000000008da00000| Untracked 
| 139|0x000000008db00000, 0x000000008db00000, 0x000000008dc00000|  0%| F|  |TAMS 0x000000008db00000, 0x000000008db00000| Untracked 
| 140|0x000000008dc00000, 0x000000008dc00000, 0x000000008dd00000|  0%| F|  |TAMS 0x000000008dc00000, 0x000000008dc00000| Untracked 
| 141|0x000000008dd00000, 0x000000008dd00000, 0x000000008de00000|  0%| F|  |TAMS 0x000000008dd00000, 0x000000008dd00000| Untracked 
| 142|0x000000008de00000, 0x000000008de00000, 0x000000008df00000|  0%| F|  |TAMS 0x000000008de00000, 0x000000008de00000| Untracked 
| 143|0x000000008df00000, 0x000000008df00000, 0x000000008e000000|  0%| F|  |TAMS 0x000000008df00000, 0x000000008df00000| Untracked 
| 144|0x000000008e000000, 0x000000008e000000, 0x000000008e100000|  0%| F|  |TAMS 0x000000008e000000, 0x000000008e000000| Untracked 
| 145|0x000000008e100000, 0x000000008e100000, 0x000000008e200000|  0%| F|  |TAMS 0x000000008e100000, 0x000000008e100000| Untracked 
| 146|0x000000008e200000, 0x000000008e200000, 0x000000008e300000|  0%| F|  |TAMS 0x000000008e200000, 0x000000008e200000| Untracked 
| 147|0x000000008e300000, 0x000000008e300000, 0x000000008e400000|  0%| F|  |TAMS 0x000000008e300000, 0x000000008e300000| Untracked 
| 148|0x000000008e400000, 0x000000008e400000, 0x000000008e500000|  0%| F|  |TAMS 0x000000008e400000, 0x000000008e400000| Untracked 
| 149|0x000000008e500000, 0x000000008e500000, 0x000000008e600000|  0%| F|  |TAMS 0x000000008e500000, 0x000000008e500000| Untracked 
| 150|0x000000008e600000, 0x000000008e600000, 0x000000008e700000|  0%| F|  |TAMS 0x000000008e600000, 0x000000008e600000| Untracked 
| 151|0x000000008e700000, 0x000000008e700000, 0x000000008e800000|  0%| F|  |TAMS 0x000000008e700000, 0x000000008e700000| Untracked 
| 152|0x000000008e800000, 0x000000008e800000, 0x000000008e900000|  0%| F|  |TAMS 0x000000008e800000, 0x000000008e800000| Untracked 
| 153|0x000000008e900000, 0x000000008e900000, 0x000000008ea00000|  0%| F|  |TAMS 0x000000008e900000, 0x000000008e900000| Untracked 
| 154|0x000000008ea00000, 0x000000008ea00000, 0x000000008eb00000|  0%| F|  |TAMS 0x000000008ea00000, 0x000000008ea00000| Untracked 
| 155|0x000000008eb00000, 0x000000008eb00000, 0x000000008ec00000|  0%| F|  |TAMS 0x000000008eb00000, 0x000000008eb00000| Untracked 
| 156|0x000000008ec00000, 0x000000008ec00000, 0x000000008ed00000|  0%| F|  |TAMS 0x000000008ec00000, 0x000000008ec00000| Untracked 
| 157|0x000000008ed00000, 0x000000008ed00000, 0x000000008ee00000|  0%| F|  |TAMS 0x000000008ed00000, 0x000000008ed00000| Untracked 
| 158|0x000000008ee00000, 0x000000008ee00000, 0x000000008ef00000|  0%| F|  |TAMS 0x000000008ee00000, 0x000000008ee00000| Untracked 
| 159|0x000000008ef00000, 0x000000008ef00000, 0x000000008f000000|  0%| F|  |TAMS 0x000000008ef00000, 0x000000008ef00000| Untracked 
| 160|0x000000008f000000, 0x000000008f000000, 0x000000008f100000|  0%| F|  |TAMS 0x000000008f000000, 0x000000008f000000| Untracked 
| 161|0x000000008f100000, 0x000000008f100000, 0x000000008f200000|  0%| F|  |TAMS 0x000000008f100000, 0x000000008f100000| Untracked 
| 162|0x000000008f200000, 0x000000008f200000, 0x000000008f300000|  0%| F|  |TAMS 0x000000008f200000, 0x000000008f200000| Untracked 
| 163|0x000000008f300000, 0x000000008f300000, 0x000000008f400000|  0%| F|  |TAMS 0x000000008f300000, 0x000000008f300000| Untracked 
| 164|0x000000008f400000, 0x000000008f400000, 0x000000008f500000|  0%| F|  |TAMS 0x000000008f400000, 0x000000008f400000| Untracked 
| 165|0x000000008f500000, 0x000000008f500000, 0x000000008f600000|  0%| F|  |TAMS 0x000000008f500000, 0x000000008f500000| Untracked 
| 166|0x000000008f600000, 0x000000008f600000, 0x000000008f700000|  0%| F|  |TAMS 0x000000008f600000, 0x000000008f600000| Untracked 
| 167|0x000000008f700000, 0x000000008f700000, 0x000000008f800000|  0%| F|  |TAMS 0x000000008f700000, 0x000000008f700000| Untracked 
| 168|0x000000008f800000, 0x000000008f800000, 0x000000008f900000|  0%| F|  |TAMS 0x000000008f800000, 0x000000008f800000| Untracked 
| 169|0x000000008f900000, 0x000000008f900000, 0x000000008fa00000|  0%| F|  |TAMS 0x000000008f900000, 0x000000008f900000| Untracked 
| 170|0x000000008fa00000, 0x000000008fa00000, 0x000000008fb00000|  0%| F|  |TAMS 0x000000008fa00000, 0x000000008fa00000| Untracked 
| 171|0x000000008fb00000, 0x000000008fb00000, 0x000000008fc00000|  0%| F|  |TAMS 0x000000008fb00000, 0x000000008fb00000| Untracked 
| 172|0x000000008fc00000, 0x000000008fc00000, 0x000000008fd00000|  0%| F|  |TAMS 0x000000008fc00000, 0x000000008fc00000| Untracked 
| 173|0x000000008fd00000, 0x000000008fd00000, 0x000000008fe00000|  0%| F|  |TAMS 0x000000008fd00000, 0x000000008fd00000| Untracked 
| 174|0x000000008fe00000, 0x000000008fe00000, 0x000000008ff00000|  0%| F|  |TAMS 0x000000008fe00000, 0x000000008fe00000| Untracked 
| 175|0x000000008ff00000, 0x000000008ff00000, 0x0000000090000000|  0%| F|  |TAMS 0x000000008ff00000, 0x000000008ff00000| Untracked 
| 176|0x0000000090000000, 0x0000000090000000, 0x0000000090100000|  0%| F|  |TAMS 0x0000000090000000, 0x0000000090000000| Untracked 
| 177|0x0000000090100000, 0x0000000090100000, 0x0000000090200000|  0%| F|  |TAMS 0x0000000090100000, 0x0000000090100000| Untracked 
| 178|0x0000000090200000, 0x0000000090200000, 0x0000000090300000|  0%| F|  |TAMS 0x0000000090200000, 0x0000000090200000| Untracked 
| 179|0x0000000090300000, 0x0000000090300000, 0x0000000090400000|  0%| F|  |TAMS 0x0000000090300000, 0x0000000090300000| Untracked 
| 180|0x0000000090400000, 0x0000000090400000, 0x0000000090500000|  0%| F|  |TAMS 0x0000000090400000, 0x0000000090400000| Untracked 
| 181|0x0000000090500000, 0x0000000090500000, 0x0000000090600000|  0%| F|  |TAMS 0x0000000090500000, 0x0000000090500000| Untracked 
| 182|0x0000000090600000, 0x0000000090600000, 0x0000000090700000|  0%| F|  |TAMS 0x0000000090600000, 0x0000000090600000| Untracked 
| 183|0x0000000090700000, 0x0000000090700000, 0x0000000090800000|  0%| F|  |TAMS 0x0000000090700000, 0x0000000090700000| Untracked 
| 184|0x0000000090800000, 0x0000000090800000, 0x0000000090900000|  0%| F|  |TAMS 0x0000000090800000, 0x0000000090800000| Untracked 
| 185|0x0000000090900000, 0x0000000090900000, 0x0000000090a00000|  0%| F|  |TAMS 0x0000000090900000, 0x0000000090900000| Untracked 
| 186|0x0000000090a00000, 0x0000000090a00000, 0x0000000090b00000|  0%| F|  |TAMS 0x0000000090a00000, 0x0000000090a00000| Untracked 
| 187|0x0000000090b00000, 0x0000000090b00000, 0x0000000090c00000|  0%| F|  |TAMS 0x0000000090b00000, 0x0000000090b00000| Untracked 
| 188|0x0000000090c00000, 0x0000000090c00000, 0x0000000090d00000|  0%| F|  |TAMS 0x0000000090c00000, 0x0000000090c00000| Untracked 
| 189|0x0000000090d00000, 0x0000000090d00000, 0x0000000090e00000|  0%| F|  |TAMS 0x0000000090d00000, 0x0000000090d00000| Untracked 
| 190|0x0000000090e00000, 0x0000000090e00000, 0x0000000090f00000|  0%| F|  |TAMS 0x0000000090e00000, 0x0000000090e00000| Untracked 
| 191|0x0000000090f00000, 0x0000000090f00000, 0x0000000091000000|  0%| F|  |TAMS 0x0000000090f00000, 0x0000000090f00000| Untracked 
| 192|0x0000000091000000, 0x0000000091000000, 0x0000000091100000|  0%| F|  |TAMS 0x0000000091000000, 0x0000000091000000| Untracked 
| 193|0x0000000091100000, 0x0000000091100000, 0x0000000091200000|  0%| F|  |TAMS 0x0000000091100000, 0x0000000091100000| Untracked 
| 194|0x0000000091200000, 0x0000000091200000, 0x0000000091300000|  0%| F|  |TAMS 0x0000000091200000, 0x0000000091200000| Untracked 
| 195|0x0000000091300000, 0x0000000091300000, 0x0000000091400000|  0%| F|  |TAMS 0x0000000091300000, 0x0000000091300000| Untracked 
| 196|0x0000000091400000, 0x0000000091400000, 0x0000000091500000|  0%| F|  |TAMS 0x0000000091400000, 0x0000000091400000| Untracked 
| 197|0x0000000091500000, 0x0000000091500000, 0x0000000091600000|  0%| F|  |TAMS 0x0000000091500000, 0x0000000091500000| Untracked 
| 198|0x0000000091600000, 0x0000000091600000, 0x0000000091700000|  0%| F|  |TAMS 0x0000000091600000, 0x0000000091600000| Untracked 
| 199|0x0000000091700000, 0x0000000091700000, 0x0000000091800000|  0%| F|  |TAMS 0x0000000091700000, 0x0000000091700000| Untracked 
| 200|0x0000000091800000, 0x0000000091800000, 0x0000000091900000|  0%| F|  |TAMS 0x0000000091800000, 0x0000000091800000| Untracked 
| 201|0x0000000091900000, 0x0000000091900000, 0x0000000091a00000|  0%| F|  |TAMS 0x0000000091900000, 0x0000000091900000| Untracked 
| 202|0x0000000091a00000, 0x0000000091a00000, 0x0000000091b00000|  0%| F|  |TAMS 0x0000000091a00000, 0x0000000091a00000| Untracked 
| 203|0x0000000091b00000, 0x0000000091b00000, 0x0000000091c00000|  0%| F|  |TAMS 0x0000000091b00000, 0x0000000091b00000| Untracked 
| 204|0x0000000091c00000, 0x0000000091c00000, 0x0000000091d00000|  0%| F|  |TAMS 0x0000000091c00000, 0x0000000091c00000| Untracked 
| 205|0x0000000091d00000, 0x0000000091d00000, 0x0000000091e00000|  0%| F|  |TAMS 0x0000000091d00000, 0x0000000091d00000| Untracked 
| 206|0x0000000091e00000, 0x0000000091e00000, 0x0000000091f00000|  0%| F|  |TAMS 0x0000000091e00000, 0x0000000091e00000| Untracked 
| 207|0x0000000091f00000, 0x0000000091f00000, 0x0000000092000000|  0%| F|  |TAMS 0x0000000091f00000, 0x0000000091f00000| Untracked 
| 208|0x0000000092000000, 0x0000000092000000, 0x0000000092100000|  0%| F|  |TAMS 0x0000000092000000, 0x0000000092000000| Untracked 
| 209|0x0000000092100000, 0x0000000092100000, 0x0000000092200000|  0%| F|  |TAMS 0x0000000092100000, 0x0000000092100000| Untracked 
| 210|0x0000000092200000, 0x0000000092200000, 0x0000000092300000|  0%| F|  |TAMS 0x0000000092200000, 0x0000000092200000| Untracked 
| 211|0x0000000092300000, 0x0000000092300000, 0x0000000092400000|  0%| F|  |TAMS 0x0000000092300000, 0x0000000092300000| Untracked 
| 212|0x0000000092400000, 0x0000000092400000, 0x0000000092500000|  0%| F|  |TAMS 0x0000000092400000, 0x0000000092400000| Untracked 
| 213|0x0000000092500000, 0x0000000092500000, 0x0000000092600000|  0%| F|  |TAMS 0x0000000092500000, 0x0000000092500000| Untracked 
| 214|0x0000000092600000, 0x0000000092600000, 0x0000000092700000|  0%| F|  |TAMS 0x0000000092600000, 0x0000000092600000| Untracked 
| 215|0x0000000092700000, 0x0000000092700000, 0x0000000092800000|  0%| F|  |TAMS 0x0000000092700000, 0x0000000092700000| Untracked 
| 216|0x0000000092800000, 0x0000000092800000, 0x0000000092900000|  0%| F|  |TAMS 0x0000000092800000, 0x0000000092800000| Untracked 
| 217|0x0000000092900000, 0x0000000092900000, 0x0000000092a00000|  0%| F|  |TAMS 0x0000000092900000, 0x0000000092900000| Untracked 
| 218|0x0000000092a00000, 0x0000000092a00000, 0x0000000092b00000|  0%| F|  |TAMS 0x0000000092a00000, 0x0000000092a00000| Untracked 
| 219|0x0000000092b00000, 0x0000000092b00000, 0x0000000092c00000|  0%| F|  |TAMS 0x0000000092b00000, 0x0000000092b00000| Untracked 
| 220|0x0000000092c00000, 0x0000000092c00000, 0x0000000092d00000|  0%| F|  |TAMS 0x0000000092c00000, 0x0000000092c00000| Untracked 
| 221|0x0000000092d00000, 0x0000000092d00000, 0x0000000092e00000|  0%| F|  |TAMS 0x0000000092d00000, 0x0000000092d00000| Untracked 
| 222|0x0000000092e00000, 0x0000000092e00000, 0x0000000092f00000|  0%| F|  |TAMS 0x0000000092e00000, 0x0000000092e00000| Untracked 
| 223|0x0000000092f00000, 0x0000000092f00000, 0x0000000093000000|  0%| F|  |TAMS 0x0000000092f00000, 0x0000000092f00000| Untracked 
| 224|0x0000000093000000, 0x0000000093000000, 0x0000000093100000|  0%| F|  |TAMS 0x0000000093000000, 0x0000000093000000| Untracked 
| 225|0x0000000093100000, 0x0000000093100000, 0x0000000093200000|  0%| F|  |TAMS 0x0000000093100000, 0x0000000093100000| Untracked 
| 226|0x0000000093200000, 0x0000000093200000, 0x0000000093300000|  0%| F|  |TAMS 0x0000000093200000, 0x0000000093200000| Untracked 
| 227|0x0000000093300000, 0x0000000093300000, 0x0000000093400000|  0%| F|  |TAMS 0x0000000093300000, 0x0000000093300000| Untracked 
| 228|0x0000000093400000, 0x0000000093400000, 0x0000000093500000|  0%| F|  |TAMS 0x0000000093400000, 0x0000000093400000| Untracked 
| 229|0x0000000093500000, 0x0000000093500000, 0x0000000093600000|  0%| F|  |TAMS 0x0000000093500000, 0x0000000093500000| Untracked 
| 230|0x0000000093600000, 0x0000000093600000, 0x0000000093700000|  0%| F|  |TAMS 0x0000000093600000, 0x0000000093600000| Untracked 
| 231|0x0000000093700000, 0x0000000093700000, 0x0000000093800000|  0%| F|  |TAMS 0x0000000093700000, 0x0000000093700000| Untracked 
| 232|0x0000000093800000, 0x0000000093800000, 0x0000000093900000|  0%| F|  |TAMS 0x0000000093800000, 0x0000000093800000| Untracked 
| 233|0x0000000093900000, 0x0000000093900000, 0x0000000093a00000|  0%| F|  |TAMS 0x0000000093900000, 0x0000000093900000| Untracked 
| 234|0x0000000093a00000, 0x0000000093a00000, 0x0000000093b00000|  0%| F|  |TAMS 0x0000000093a00000, 0x0000000093a00000| Untracked 
| 235|0x0000000093b00000, 0x0000000093b00000, 0x0000000093c00000|  0%| F|  |TAMS 0x0000000093b00000, 0x0000000093b00000| Untracked 
| 236|0x0000000093c00000, 0x0000000093c00000, 0x0000000093d00000|  0%| F|  |TAMS 0x0000000093c00000, 0x0000000093c00000| Untracked 
| 237|0x0000000093d00000, 0x0000000093d1d7a8, 0x0000000093e00000| 11%| S|CS|TAMS 0x0000000093d00000, 0x0000000093d00000| Complete 
| 238|0x0000000093e00000, 0x0000000093f00000, 0x0000000093f00000|100%| S|CS|TAMS 0x0000000093e00000, 0x0000000093e00000| Complete 
| 239|0x0000000093f00000, 0x0000000093f00000, 0x0000000094000000|  0%| F|  |TAMS 0x0000000093f00000, 0x0000000093f00000| Untracked 
| 240|0x0000000094000000, 0x0000000094000000, 0x0000000094100000|  0%| F|  |TAMS 0x0000000094000000, 0x0000000094000000| Untracked 
| 241|0x0000000094100000, 0x0000000094100000, 0x0000000094200000|  0%| F|  |TAMS 0x0000000094100000, 0x0000000094100000| Untracked 
| 242|0x0000000094200000, 0x0000000094200000, 0x0000000094300000|  0%| F|  |TAMS 0x0000000094200000, 0x0000000094200000| Untracked 
| 243|0x0000000094300000, 0x0000000094300000, 0x0000000094400000|  0%| F|  |TAMS 0x0000000094300000, 0x0000000094300000| Untracked 
| 244|0x0000000094400000, 0x0000000094400000, 0x0000000094500000|  0%| F|  |TAMS 0x0000000094400000, 0x0000000094400000| Untracked 
| 245|0x0000000094500000, 0x0000000094500000, 0x0000000094600000|  0%| F|  |TAMS 0x0000000094500000, 0x0000000094500000| Untracked 
| 246|0x0000000094600000, 0x0000000094600000, 0x0000000094700000|  0%| F|  |TAMS 0x0000000094600000, 0x0000000094600000| Untracked 
| 247|0x0000000094700000, 0x0000000094700000, 0x0000000094800000|  0%| F|  |TAMS 0x0000000094700000, 0x0000000094700000| Untracked 
| 248|0x0000000094800000, 0x0000000094800000, 0x0000000094900000|  0%| F|  |TAMS 0x0000000094800000, 0x0000000094800000| Untracked 
| 249|0x0000000094900000, 0x0000000094900000, 0x0000000094a00000|  0%| F|  |TAMS 0x0000000094900000, 0x0000000094900000| Untracked 
| 250|0x0000000094a00000, 0x0000000094a00000, 0x0000000094b00000|  0%| F|  |TAMS 0x0000000094a00000, 0x0000000094a00000| Untracked 
|1966|0x00000000ffe00000, 0x00000000ffe34000, 0x00000000fff00000| 20%|OA|  |TAMS 0x00000000ffe34000, 0x00000000ffe00000| Untracked 
|1967|0x00000000fff00000, 0x00000000fff6a000, 0x0000000100000000| 41%|CA|  |TAMS 0x00000000fff6a000, 0x00000000fff00000| Untracked 

Card table byte_map: [0x00007efd6abbe000,0x00007efd6af96000] _byte_map_base: 0x00007efd6a796000

Marking Bits (Prev, Next): (CMBitMap*) 0x00007efd64051590, (CMBitMap*) 0x00007efd64051558
 Prev Bits: [0x00007efd46140000, 0x00007efd48000000)
 Next Bits: [0x00007efd68926000, 0x00007efd6a7e6000)

Polling page: 0x00007efd6d492000

Metaspace:

Usage:
  Non-class:     19.76 MB capacity,    19.16 MB ( 97%) used,   517.59 KB (  3%) free+waste,    98.56 KB ( <1%) overhead. 
      Class:      3.50 MB capacity,     3.11 MB ( 89%) used,   341.97 KB ( 10%) free+waste,    51.75 KB (  1%) overhead. 
       Both:     23.25 MB capacity,    22.27 MB ( 96%) used,   859.56 KB (  4%) free+waste,   150.31 KB ( <1%) overhead. 

Virtual space:
  Non-class space:       20.00 MB reserved,      19.92 MB (>99%) committed 
      Class space:        1.00 GB reserved,       3.50 MB ( <1%) committed 
             Both:        1.02 GB reserved,      23.42 MB (  2%) committed 

Chunk freelists:
   Non-Class:  7.62 KB
       Class:  640 bytes
        Both:  8.25 KB

CodeHeap 'non-profiled nmethods': size=238948Kb used=5696Kb max_used=5696Kb free=233251Kb
 bounds [0x00007efd4d032000, 0x00007efd4d5d2000, 0x00007efd5b98b000]
CodeHeap 'non-nmethods': size=6812Kb used=1734Kb max_used=2297Kb free=5077Kb
 bounds [0x00007efd4c98b000, 0x00007efd4cbfb000, 0x00007efd4d032000]
 total_blobs=3869 nmethods=3321 adapters=439
 compilation: enabled
              stopped_count=0, restarted_count=0
 full_count=0

Compilation events (10 events):
Event: 7.379 Thread 0x00007efd64112800 nmethod 3336 0x00007efd4d5be710 code [0x00007efd4d5be980, 0x00007efd4d5bef48]
Event: 7.379 Thread 0x00007efd64112800 3337       1       org.springframework.context.annotation.ConfigurationClass::getBeanName (5 bytes)
Event: 7.379 Thread 0x00007efd64112800 nmethod 3337 0x00007efd4d5bf310 code [0x00007efd4d5bf4c0, 0x00007efd4d5bf5f0]
Event: 7.379 Thread 0x00007efd20184800 nmethod 3334 0x00007efd4d5bf690 code [0x00007efd4d5bfaa0, 0x00007efd4d5c0fc8]
Event: 7.380 Thread 0x00007efd64112800 3338       1       java.util.stream.ReduceOps$3ReducingSink::accept (15 bytes)
Event: 7.380 Thread 0x00007efd64112800 nmethod 3338 0x00007efd4d5c1810 code [0x00007efd4d5c19c0, 0x00007efd4d5c1b28]
Event: 7.382 Thread 0x00007efd20184800 3339       1       java.lang.PublicMethods::toArray (76 bytes)
Event: 7.383 Thread 0x00007efd20184800 nmethod 3339 0x00007efd4d5c1b90 code [0x00007efd4d5c1d80, 0x00007efd4d5c21b8]
Event: 7.383 Thread 0x00007efd64112800 3340       1       org.springframework.core.ResolvableType::resolveType (151 bytes)
Event: 7.383 Thread 0x00007efd20184800 3341   !   1       org.springframework.util.ReflectionUtils::getDeclaredMethods (186 bytes)

GC Heap History (10 events):
Event: 3.936 GC heap after
{Heap after GC invocations=7 (full 0):
 garbage-first heap   total 259072K, used 14064K [0x0000000085000000, 0x0000000100000000)
  region size 1024K, 2 young (2048K), 2 survivors (2048K)
 Metaspace       used 20425K, capacity 21306K, committed 21552K, reserved 1067008K
  class space    used 2820K, capacity 3154K, committed 3200K, reserved 1048576K
}
Event: 4.157 GC heap before
{Heap before GC invocations=7 (full 0):
 garbage-first heap   total 259072K, used 23280K [0x0000000085000000, 0x0000000100000000)
  region size 1024K, 12 young (12288K), 2 survivors (2048K)
 Metaspace       used 20439K, capacity 21312K, committed 21552K, reserved 1067008K
  class space    used 2823K, capacity 3155K, committed 3200K, reserved 1048576K
}
Event: 4.159 GC heap after
{Heap after GC invocations=8 (full 0):
 garbage-first heap   total 259072K, used 14374K [0x0000000085000000, 0x0000000100000000)
  region size 1024K, 1 young (1024K), 1 survivors (1024K)
 Metaspace       used 20439K, capacity 21312K, committed 21552K, reserved 1067008K
  class space    used 2823K, capacity 3155K, committed 3200K, reserved 1048576K
}
Event: 4.166 GC heap before
{Heap before GC invocations=8 (full 0):
 garbage-first heap   total 259072K, used 33830K [0x0000000085000000, 0x0000000100000000)
  region size 1024K, 21 young (21504K), 1 survivors (1024K)
 Metaspace       used 20439K, capacity 21312K, committed 21552K, reserved 1067008K
  class space    used 2823K, capacity 3155K, committed 3200K, reserved 1048576K
}
Event: 4.167 GC heap after
{Heap after GC invocations=9 (full 0):
 garbage-first heap   total 259072K, used 14177K [0x0000000085000000, 0x0000000100000000)
  region size 1024K, 1 young (1024K), 1 survivors (1024K)
 Metaspace       used 20439K, capacity 21312K, committed 21552K, reserved 1067008K
  class space    used 2823K, capacity 3155K, committed 3200K, reserved 1048576K
}
Event: 4.721 GC heap before
{Heap before GC invocations=9 (full 0):
 garbage-first heap   total 259072K, used 43873K [0x0000000085000000, 0x0000000100000000)
  region size 1024K, 31 young (31744K), 1 survivors (1024K)
 Metaspace       used 20710K, capacity 21588K, committed 21936K, reserved 1069056K
  class space    used 2872K, capacity 3202K, committed 3328K, reserved 1048576K
}
Event: 5.104 GC heap after
{Heap after GC invocations=10 (full 0):
 garbage-first heap   total 259072K, used 15797K [0x0000000085000000, 0x0000000100000000)
  region size 1024K, 3 young (3072K), 3 survivors (3072K)
 Metaspace       used 20710K, capacity 21588K, committed 21936K, reserved 1069056K
  class space    used 2872K, capacity 3202K, committed 3328K, reserved 1048576K
}
Event: 5.904 GC heap before
{Heap before GC invocations=10 (full 0):
 garbage-first heap   total 259072K, used 25013K [0x0000000085000000, 0x0000000100000000)
  region size 1024K, 12 young (12288K), 3 survivors (3072K)
 Metaspace       used 21740K, capacity 22691K, committed 23088K, reserved 1069056K
  class space    used 3008K, capacity 3354K, committed 3456K, reserved 1048576K
}
Event: 6.416 GC heap after
{Heap after GC invocations=11 (full 0):
 garbage-first heap   total 259072K, used 16180K [0x0000000085000000, 0x0000000100000000)
  region size 1024K, 1 young (1024K), 1 survivors (1024K)
 Metaspace       used 21740K, capacity 22691K, committed 23088K, reserved 1069056K
  class space    used 3008K, capacity 3354K, committed 3456K, reserved 1048576K
}
Event: 7.384 GC heap before
{Heap before GC invocations=11 (full 0):
 garbage-first heap   total 259072K, used 27444K [0x0000000085000000, 0x0000000100000000)
  region size 1024K, 12 young (12288K), 1 survivors (1024K)
 Metaspace       used 22800K, capacity 23810K, committed 23984K, reserved 1069056K
  class space    used 3185K, capacity 3579K, committed 3584K, reserved 1048576K
}

Deoptimization events (0 events):
No events

Classes redefined (0 events):
No events

Internal exceptions (10 events):
Event: 3.945 Thread 0x00007efd08003800 Exception <a 'java/lang/reflect/InvocationTargetException'{0x0000000094a02368}> (0x0000000094a02368) thrown at [/build/openjdk-lts-Ll52Bi/openjdk-lts-11.0.1+13/src/hotspot/share/runtime/reflection.cpp, line 1242]
Event: 4.451 Thread 0x00007efd08003800 Exception <a 'java/lang/reflect/InvocationTargetException'{0x0000000092c82318}> (0x0000000092c82318) thrown at [/build/openjdk-lts-Ll52Bi/openjdk-lts-11.0.1+13/src/hotspot/share/runtime/reflection.cpp, line 1242]
Event: 4.719 Thread 0x00007efd64013800 Exception <a 'java/lang/NoSuchMethodError'{0x0000000092cd5a78}: java.lang.invoke.DirectMethodHandle$Holder.invokeInterface(Ljava/lang/Object;Ljava/lang/Object;Ljava/lang/Object;Ljava/lang/Object;)V> (0x0000000092cd5a78) thrown at [/build/openjdk-lts-Ll52B
Event: 5.125 Thread 0x00007efd64013800 Exception <a 'java/lang/NoSuchMethodError'{0x00000000949daab0}: java.lang.invoke.DirectMethodHandle$Holder.invokeSpecial(Ljava/lang/Object;Ljava/lang/Object;Ljava/lang/Object;Ljava/lang/Object;Ljava/lang/Object;)I> (0x00000000949daab0) thrown at [/build/o
Event: 5.257 Thread 0x00007efd08003800 Exception <a 'java/lang/reflect/InvocationTargetException'{0x00000000944a47f8}> (0x00000000944a47f8) thrown at [/build/openjdk-lts-Ll52Bi/openjdk-lts-11.0.1+13/src/hotspot/share/runtime/reflection.cpp, line 1242]
Event: 5.809 Thread 0x00007efd08003800 Exception <a 'java/lang/reflect/InvocationTargetException'{0x00000000943f2588}> (0x00000000943f2588) thrown at [/build/openjdk-lts-Ll52Bi/openjdk-lts-11.0.1+13/src/hotspot/share/runtime/reflection.cpp, line 1242]
Event: 6.417 Thread 0x00007efd08003800 Exception <a 'java/lang/reflect/InvocationTargetException'{0x0000000094a37f98}> (0x0000000094a37f98) thrown at [/build/openjdk-lts-Ll52Bi/openjdk-lts-11.0.1+13/src/hotspot/share/runtime/reflection.cpp, line 1242]
Event: 6.932 Thread 0x00007efd08003800 Exception <a 'java/lang/reflect/InvocationTargetException'{0x0000000094570a18}> (0x0000000094570a18) thrown at [/build/openjdk-lts-Ll52Bi/openjdk-lts-11.0.1+13/src/hotspot/share/runtime/reflection.cpp, line 1242]
Event: 7.318 Thread 0x00007efd64013800 Exception <a 'java/lang/NoSuchMethodError'{0x00000000943eb720}: java.lang.invoke.DirectMethodHandle$Holder.invokeSpecialIFC(Ljava/lang/Object;Ljava/lang/Object;Ljava/lang/Object;Ljava/lang/Object;)Ljava/lang/Object;> (0x00000000943eb720) thrown at [/build
Event: 7.319 Thread 0x00007efd64013800 Exception <a 'java/lang/NoSuchMethodError'{0x00000000943f4880}: java.lang.invoke.DirectMethodHandle$Holder.invokeSpecialIFC(Ljava/lang/Object;Ljava/lang/Object;Ljava/lang/Object;)Ljava/lang/Object;> (0x00000000943f4880) thrown at [/build/openjdk-lts-Ll52B

Events (10 events):
Event: 7.381 loading class org/springframework/hateoas/MethodLinkBuilderFactory done
Event: 7.382 loading class org/springframework/hateoas/LinkBuilderFactory
Event: 7.382 loading class org/springframework/hateoas/LinkBuilderFactory done
Event: 7.382 loading class org/springframework/hateoas/core/ControllerEntityLinksFactoryBean
Event: 7.382 loading class org/springframework/hateoas/core/ControllerEntityLinksFactoryBean done
Event: 7.383 loading class org/springframework/hateoas/core/ControllerEntityLinks
Event: 7.383 loading class org/springframework/hateoas/core/ControllerEntityLinks done
Event: 7.383 loading class org/springframework/hateoas/RelProvider
Event: 7.383 loading class org/springframework/hateoas/RelProvider done
Event: 7.383 Executing VM operation: G1CollectForAllocation


Dynamic libraries:
85000000-94b00000 rw-p 00000000 00:00 0 
b4500000-ffe00000 ---p 00000000 00:00 0 
ffe00000-ffe34000 rw-p 0111b000 08:02 9964793                            /usr/lib/jvm/java-11-openjdk-amd64/lib/server/classes.jsa
ffe34000-fff00000 rw-p 00000000 00:00 0 
fff00000-fff6a000 rw-p 010b1000 08:02 9964793                            /usr/lib/jvm/java-11-openjdk-amd64/lib/server/classes.jsa
fff6a000-100000000 rw-p 00000000 00:00 0 
800000000-800002000 rwxp 00001000 08:02 9964793                          /usr/lib/jvm/java-11-openjdk-amd64/lib/server/classes.jsa
800002000-8003be000 rw-p 00003000 08:02 9964793                          /usr/lib/jvm/java-11-openjdk-amd64/lib/server/classes.jsa
8003be000-800a9a000 r--p 003bf000 08:02 9964793                          /usr/lib/jvm/java-11-openjdk-amd64/lib/server/classes.jsa
800a9a000-800a9b000 rw-p 00a9b000 08:02 9964793                          /usr/lib/jvm/java-11-openjdk-amd64/lib/server/classes.jsa
800a9b000-8010b0000 r--p 00a9c000 08:02 9964793                          /usr/lib/jvm/java-11-openjdk-amd64/lib/server/classes.jsa
840000000-840380000 rw-p 00000000 00:00 0 
840380000-880000000 ---p 00000000 00:00 0 
5587d8ea0000-5587d8ea1000 r--p 00000000 08:02 9965389                    /usr/lib/jvm/java-11-openjdk-amd64/bin/java
5587d8ea1000-5587d8ea2000 r-xp 00001000 08:02 9965389                    /usr/lib/jvm/java-11-openjdk-amd64/bin/java
5587d8ea2000-5587d8ea3000 r--p 00002000 08:02 9965389                    /usr/lib/jvm/java-11-openjdk-amd64/bin/java
5587d8ea3000-5587d8ea4000 r--p 00002000 08:02 9965389                    /usr/lib/jvm/java-11-openjdk-amd64/bin/java
5587d8ea4000-5587d8ea5000 rw-p 00003000 08:02 9965389                    /usr/lib/jvm/java-11-openjdk-amd64/bin/java
5587d9f34000-5587d9f55000 rw-p 00000000 00:00 0                          [heap]
7efcd4000000-7efcd435b000 rw-p 00000000 00:00 0 
7efcd435b000-7efcd8000000 ---p 00000000 00:00 0 
7efcd8000000-7efcd8021000 rw-p 00000000 00:00 0 
7efcd8021000-7efcdc000000 ---p 00000000 00:00 0 
7efcdc000000-7efcdc021000 rw-p 00000000 00:00 0 
7efcdc021000-7efce0000000 ---p 00000000 00:00 0 
7efce0000000-7efce0021000 rw-p 00000000 00:00 0 
7efce0021000-7efce4000000 ---p 00000000 00:00 0 
7efce4000000-7efce4021000 rw-p 00000000 00:00 0 
7efce4021000-7efce8000000 ---p 00000000 00:00 0 
7efce8000000-7efce8021000 rw-p 00000000 00:00 0 
7efce8021000-7efcec000000 ---p 00000000 00:00 0 
7efcec000000-7efcec021000 rw-p 00000000 00:00 0 
7efcec021000-7efcf0000000 ---p 00000000 00:00 0 
7efcf0000000-7efcf0021000 rw-p 00000000 00:00 0 
7efcf0021000-7efcf4000000 ---p 00000000 00:00 0 
7efcf4000000-7efcf4021000 rw-p 00000000 00:00 0 
7efcf4021000-7efcf8000000 ---p 00000000 00:00 0 
7efcf8000000-7efcf8021000 rw-p 00000000 00:00 0 
7efcf8021000-7efcfc000000 ---p 00000000 00:00 0 
7efcfc000000-7efcfc021000 rw-p 00000000 00:00 0 
7efcfc021000-7efd00000000 ---p 00000000 00:00 0 
7efd00000000-7efd00021000 rw-p 00000000 00:00 0 
7efd00021000-7efd04000000 ---p 00000000 00:00 0 
7efd04000000-7efd04117000 rw-p 00000000 00:00 0 
7efd04117000-7efd08000000 ---p 00000000 00:00 0 
7efd08000000-7efd08021000 rw-p 00000000 00:00 0 
7efd08021000-7efd0c000000 ---p 00000000 00:00 0 
7efd0c000000-7efd0c021000 rw-p 00000000 00:00 0 
7efd0c021000-7efd10000000 ---p 00000000 00:00 0 
7efd10000000-7efd10254000 rw-p 00000000 00:00 0 
7efd10254000-7efd14000000 ---p 00000000 00:00 0 
7efd14000000-7efd14021000 rw-p 00000000 00:00 0 
7efd14021000-7efd18000000 ---p 00000000 00:00 0 
7efd18000000-7efd18021000 rw-p 00000000 00:00 0 
7efd18021000-7efd1c000000 ---p 00000000 00:00 0 
7efd1c000000-7efd1c021000 rw-p 00000000 00:00 0 
7efd1c021000-7efd20000000 ---p 00000000 00:00 0 
7efd20000000-7efd20335000 rw-p 00000000 00:00 0 
7efd20335000-7efd24000000 ---p 00000000 00:00 0 
7efd24000000-7efd24021000 rw-p 00000000 00:00 0 
7efd24021000-7efd28000000 ---p 00000000 00:00 0 
7efd28000000-7efd28021000 rw-p 00000000 00:00 0 
7efd28021000-7efd2c000000 ---p 00000000 00:00 0 
7efd2cebb000-7efd2d0bb000 rw-p 00000000 00:00 0 
7efd2d0bb000-7efd2d2a7000 rw-p 00000000 00:00 0 
7efd2d2a7000-7efd2d2bb000 ---p 00000000 00:00 0 
7efd2d2bb000-7efd2d4bb000 rw-p 00000000 00:00 0 
7efd2d4bb000-7efd2d6bb000 rw-p 00000000 00:00 0 
7efd2d6bb000-7efd2d8bb000 rw-p 00000000 00:00 0 
7efd2d8bb000-7efd2dabb000 rw-p 00000000 00:00 0 
7efd2dabb000-7efd2dabc000 ---p 00000000 00:00 0 
7efd2dabc000-7efd2dbbd000 rw-p 00000000 00:00 0 
7efd2dbbd000-7efd2dbc1000 ---p 00000000 00:00 0 
7efd2dbc1000-7efd2dcbe000 rw-p 00000000 00:00 0 
7efd2dcbe000-7efd2dcc2000 ---p 00000000 00:00 0 
7efd2dcc2000-7efd2ddbf000 rw-p 00000000 00:00 0 
7efd2ddbf000-7efd2ddc3000 ---p 00000000 00:00 0 
7efd2ddc3000-7efd2dec0000 rw-p 00000000 00:00 0 
7efd2dec0000-7efd2dec4000 ---p 00000000 00:00 0 
7efd2dec4000-7efd2dfc1000 rw-p 00000000 00:00 0 
7efd2dfc1000-7efd2dfc5000 ---p 00000000 00:00 0 
7efd2dfc5000-7efd2e0c2000 rw-p 00000000 00:00 0 
7efd2e0c2000-7efd2e0c3000 ---p 00000000 00:00 0 
7efd2e0c3000-7efd2e1c4000 rw-p 00000000 00:00 0 
7efd2e1c4000-7efd2e1c5000 ---p 00000000 00:00 0 
7efd2e1c5000-7efd2e2c6000 rw-p 00000000 00:00 0 
7efd2e2c6000-7efd2e2c7000 ---p 00000000 00:00 0 
7efd2e2c7000-7efd2e3c8000 rw-p 00000000 00:00 0 
7efd2e3c8000-7efd2e3c9000 ---p 00000000 00:00 0 
7efd2e3c9000-7efd2e4ca000 rw-p 00000000 00:00 0 
7efd2e4ca000-7efd2e4ce000 ---p 00000000 00:00 0 
7efd2e4ce000-7efd2e5cb000 rw-p 00000000 00:00 0 
7efd2e5cb000-7efd2e5cf000 ---p 00000000 00:00 0 
7efd2e5cf000-7efd2e6cc000 rw-p 00000000 00:00 0 
7efd2e6cc000-7efd2e6d0000 ---p 00000000 00:00 0 
7efd2e6d0000-7efd2e7cd000 rw-p 00000000 00:00 0 
7efd2e7cd000-7efd2e7d1000 ---p 00000000 00:00 0 
7efd2e7d1000-7efd2e8ce000 rw-p 00000000 00:00 0 
7efd2e8ce000-7efd2e8d2000 r--p 00000000 08:02 12719038                   /lib/x86_64-linux-gnu/libresolv-2.28.so
7efd2e8d2000-7efd2e8e1000 r-xp 00004000 08:02 12719038                   /lib/x86_64-linux-gnu/libresolv-2.28.so
7efd2e8e1000-7efd2e8e5000 r--p 00013000 08:02 12719038                   /lib/x86_64-linux-gnu/libresolv-2.28.so
7efd2e8e5000-7efd2e8e6000 r--p 00016000 08:02 12719038                   /lib/x86_64-linux-gnu/libresolv-2.28.so
7efd2e8e6000-7efd2e8e7000 rw-p 00017000 08:02 12719038                   /lib/x86_64-linux-gnu/libresolv-2.28.so
7efd2e8e7000-7efd2e8e9000 rw-p 00000000 00:00 0 
7efd2e8e9000-7efd2e8ec000 r-xp 00000000 08:02 12718996                   /lib/x86_64-linux-gnu/libnss_mdns4_minimal.so.2
7efd2e8ec000-7efd2eaeb000 ---p 00003000 08:02 12718996                   /lib/x86_64-linux-gnu/libnss_mdns4_minimal.so.2
7efd2eaeb000-7efd2eaec000 r--p 00002000 08:02 12718996                   /lib/x86_64-linux-gnu/libnss_mdns4_minimal.so.2
7efd2eaec000-7efd2eaed000 rw-p 00003000 08:02 12718996                   /lib/x86_64-linux-gnu/libnss_mdns4_minimal.so.2
7efd2eaed000-7efd2eaf1000 ---p 00000000 00:00 0 
7efd2eaf1000-7efd2ec1f000 rw-p 00000000 00:00 0 
7efd2ec1f000-7efd2ec23000 ---p 00000000 00:00 0 
7efd2ec23000-7efd2ed20000 rw-p 00000000 00:00 0 
7efd2ed20000-7efd2ed24000 ---p 00000000 00:00 0 
7efd2ed24000-7efd2ee21000 rw-p 00000000 00:00 0 
7efd2ee21000-7efd2ee25000 ---p 00000000 00:00 0 
7efd2ee25000-7efd2ef22000 rw-p 00000000 00:00 0 
7efd2ef22000-7efd2ef26000 ---p 00000000 00:00 0 
7efd2ef26000-7efd2f023000 rw-p 00000000 00:00 0 
7efd2f023000-7efd2f027000 ---p 00000000 00:00 0 
7efd2f027000-7efd2f124000 rw-p 00000000 00:00 0 
7efd2f124000-7efd2feff000 r--p 00000000 08:02 9968234                    /usr/lib/locale/locale-archive
7efd2feff000-7efd2ff03000 ---p 00000000 00:00 0 
7efd2ff03000-7efd30000000 rw-p 00000000 00:00 0 
7efd30000000-7efd30021000 rw-p 00000000 00:00 0 
7efd30021000-7efd34000000 ---p 00000000 00:00 0 
7efd34000000-7efd3407a000 rw-p 00000000 00:00 0 
7efd3407a000-7efd38000000 ---p 00000000 00:00 0 
7efd38000000-7efd38021000 rw-p 00000000 00:00 0 
7efd38021000-7efd3c000000 ---p 00000000 00:00 0 
7efd3c000000-7efd3c021000 rw-p 00000000 00:00 0 
7efd3c021000-7efd40000000 ---p 00000000 00:00 0 
7efd40000000-7efd40021000 rw-p 00000000 00:00 0 
7efd40021000-7efd44000000 ---p 00000000 00:00 0 
7efd44000000-7efd44001000 r--p 00000000 08:02 12718988                   /lib/x86_64-linux-gnu/libnss_dns-2.28.so
7efd44001000-7efd44005000 r-xp 00001000 08:02 12718988                   /lib/x86_64-linux-gnu/libnss_dns-2.28.so
7efd44005000-7efd44006000 r--p 00005000 08:02 12718988                   /lib/x86_64-linux-gnu/libnss_dns-2.28.so
7efd44006000-7efd44007000 r--p 00005000 08:02 12718988                   /lib/x86_64-linux-gnu/libnss_dns-2.28.so
7efd44007000-7efd44008000 rw-p 00006000 08:02 12718988                   /lib/x86_64-linux-gnu/libnss_dns-2.28.so
7efd44019000-7efd4401a000 r--p 00000000 08:02 9965450                    /usr/lib/jvm/java-11-openjdk-amd64/lib/libextnet.so
7efd4401a000-7efd4401b000 r-xp 00001000 08:02 9965450                    /usr/lib/jvm/java-11-openjdk-amd64/lib/libextnet.so
7efd4401b000-7efd4401c000 r--p 00002000 08:02 9965450                    /usr/lib/jvm/java-11-openjdk-amd64/lib/libextnet.so
7efd4401c000-7efd4401d000 r--p 00002000 08:02 9965450                    /usr/lib/jvm/java-11-openjdk-amd64/lib/libextnet.so
7efd4401d000-7efd4401e000 rw-p 00003000 08:02 9965450                    /usr/lib/jvm/java-11-openjdk-amd64/lib/libextnet.so
7efd4401e000-7efd44020000 r--p 00000000 08:02 9965467                    /usr/lib/jvm/java-11-openjdk-amd64/lib/libmanagement_ext.so
7efd44020000-7efd44022000 r-xp 00002000 08:02 9965467                    /usr/lib/jvm/java-11-openjdk-amd64/lib/libmanagement_ext.so
7efd44022000-7efd44023000 r--p 00004000 08:02 9965467                    /usr/lib/jvm/java-11-openjdk-amd64/lib/libmanagement_ext.so
7efd44023000-7efd44024000 ---p 00005000 08:02 9965467                    /usr/lib/jvm/java-11-openjdk-amd64/lib/libmanagement_ext.so
7efd44024000-7efd44025000 r--p 00005000 08:02 9965467                    /usr/lib/jvm/java-11-openjdk-amd64/lib/libmanagement_ext.so
7efd44025000-7efd44026000 rw-p 00006000 08:02 9965467                    /usr/lib/jvm/java-11-openjdk-amd64/lib/libmanagement_ext.so
7efd44026000-7efd4402a000 r--p 00000000 08:02 9965469                    /usr/lib/jvm/java-11-openjdk-amd64/lib/libnet.so
7efd4402a000-7efd44039000 r-xp 00004000 08:02 9965469                    /usr/lib/jvm/java-11-openjdk-amd64/lib/libnet.so
7efd44039000-7efd4403d000 r--p 00013000 08:02 9965469                    /usr/lib/jvm/java-11-openjdk-amd64/lib/libnet.so
7efd4403d000-7efd4403e000 r--p 00016000 08:02 9965469                    /usr/lib/jvm/java-11-openjdk-amd64/lib/libnet.so
7efd4403e000-7efd4403f000 rw-p 00017000 08:02 9965469                    /usr/lib/jvm/java-11-openjdk-amd64/lib/libnet.so
7efd4403f000-7efd44043000 ---p 00000000 00:00 0 
7efd44043000-7efd4652c000 rw-p 00000000 00:00 0 
7efd4652c000-7efd47ff8000 ---p 00000000 00:00 0 
7efd47ff8000-7efd48000000 rw-p 00000000 00:00 0 
7efd48000000-7efd48021000 rw-p 00000000 00:00 0 
7efd48021000-7efd4c000000 ---p 00000000 00:00 0 
7efd4c001000-7efd4c004000 r--p 00000000 08:02 9965465                    /usr/lib/jvm/java-11-openjdk-amd64/lib/libmanagement.so
7efd4c004000-7efd4c005000 r-xp 00003000 08:02 9965465                    /usr/lib/jvm/java-11-openjdk-amd64/lib/libmanagement.so
7efd4c005000-7efd4c006000 r--p 00004000 08:02 9965465                    /usr/lib/jvm/java-11-openjdk-amd64/lib/libmanagement.so
7efd4c006000-7efd4c007000 r--p 00004000 08:02 9965465                    /usr/lib/jvm/java-11-openjdk-amd64/lib/libmanagement.so
7efd4c007000-7efd4c008000 rw-p 00005000 08:02 9965465                    /usr/lib/jvm/java-11-openjdk-amd64/lib/libmanagement.so
7efd4c008000-7efd4c009000 ---p 00000000 00:00 0 
7efd4c009000-7efd4c98b000 rw-p 00000000 00:00 0 
7efd4c98b000-7efd4cbfb000 rwxp 00000000 00:00 0 
7efd4cbfb000-7efd4d032000 ---p 00000000 00:00 0 
7efd4d032000-7efd4d5d2000 rwxp 00000000 00:00 0 
7efd4d5d2000-7efd5b98b000 ---p 00000000 00:00 0 
7efd5b98b000-7efd64000000 r--s 00000000 08:02 9965479                    /usr/lib/jvm/java-11-openjdk-amd64/lib/modules
7efd64000000-7efd65458000 rw-p 00000000 00:00 0 
7efd65458000-7efd68000000 ---p 00000000 00:00 0 
7efd68000000-7efd68007000 r--p 00000000 08:02 9965470                    /usr/lib/jvm/java-11-openjdk-amd64/lib/libnio.so
7efd68007000-7efd6800e000 r-xp 00007000 08:02 9965470                    /usr/lib/jvm/java-11-openjdk-amd64/lib/libnio.so
7efd6800e000-7efd68011000 r--p 0000e000 08:02 9965470                    /usr/lib/jvm/java-11-openjdk-amd64/lib/libnio.so
7efd68011000-7efd68012000 r--p 00010000 08:02 9965470                    /usr/lib/jvm/java-11-openjdk-amd64/lib/libnio.so
7efd68012000-7efd68013000 rw-p 00011000 08:02 9965470                    /usr/lib/jvm/java-11-openjdk-amd64/lib/libnio.so
7efd68013000-7efd680d8000 rw-p 00000000 00:00 0 
7efd680d8000-7efd680d9000 ---p 00000000 00:00 0 
7efd680d9000-7efd681da000 rw-p 00000000 00:00 0 
7efd681da000-7efd681db000 ---p 00000000 00:00 0 
7efd681db000-7efd686e0000 rw-p 00000000 00:00 0 
7efd686e0000-7efd686e1000 ---p 00000000 00:00 0 
7efd686e1000-7efd687e2000 rw-p 00000000 00:00 0 
7efd687e2000-7efd687e3000 ---p 00000000 00:00 0 
7efd687e3000-7efd68d12000 rw-p 00000000 00:00 0 
7efd68d12000-7efd6a7de000 ---p 00000000 00:00 0 
7efd6a7de000-7efd6a864000 rw-p 00000000 00:00 0 
7efd6a864000-7efd6abbd000 ---p 00000000 00:00 0 
7efd6abbd000-7efd6ac3c000 rw-p 00000000 00:00 0 
7efd6ac3c000-7efd6af95000 ---p 00000000 00:00 0 
7efd6af95000-7efd6b014000 rw-p 00000000 00:00 0 
7efd6b014000-7efd6b36d000 ---p 00000000 00:00 0 
7efd6b36d000-7efd6b772000 rw-p 00000000 00:00 0 
7efd6b772000-7efd6b773000 ---p 00000000 00:00 0 
7efd6b773000-7efd6b880000 rw-p 00000000 00:00 0 
7efd6b880000-7efd6ba47000 ---p 00000000 00:00 0 
7efd6ba47000-7efd6ba4c000 rw-p 00000000 00:00 0 
7efd6ba4c000-7efd6ba55000 ---p 00000000 00:00 0 
7efd6ba55000-7efd6ba57000 r--p 00000000 08:02 9965461                    /usr/lib/jvm/java-11-openjdk-amd64/lib/libjimage.so
7efd6ba57000-7efd6ba5a000 r-xp 00002000 08:02 9965461                    /usr/lib/jvm/java-11-openjdk-amd64/lib/libjimage.so
7efd6ba5a000-7efd6ba5c000 r--p 00005000 08:02 9965461                    /usr/lib/jvm/java-11-openjdk-amd64/lib/libjimage.so
7efd6ba5c000-7efd6ba5d000 r--p 00006000 08:02 9965461                    /usr/lib/jvm/java-11-openjdk-amd64/lib/libjimage.so
7efd6ba5d000-7efd6ba5e000 rw-p 00007000 08:02 9965461                    /usr/lib/jvm/java-11-openjdk-amd64/lib/libjimage.so
7efd6ba5e000-7efd6ba61000 r--p 00000000 08:02 12718990                   /lib/x86_64-linux-gnu/libnss_files-2.28.so
7efd6ba61000-7efd6ba68000 r-xp 00003000 08:02 12718990                   /lib/x86_64-linux-gnu/libnss_files-2.28.so
7efd6ba68000-7efd6ba6b000 r--p 0000a000 08:02 12718990                   /lib/x86_64-linux-gnu/libnss_files-2.28.so
7efd6ba6b000-7efd6ba6c000 r--p 0000c000 08:02 12718990                   /lib/x86_64-linux-gnu/libnss_files-2.28.so
7efd6ba6c000-7efd6ba6d000 rw-p 0000d000 08:02 12718990                   /lib/x86_64-linux-gnu/libnss_files-2.28.so
7efd6ba6d000-7efd6ba73000 rw-p 00000000 00:00 0 
7efd6ba77000-7efd6ba79000 r--p 00000000 08:02 9965478                    /usr/lib/jvm/java-11-openjdk-amd64/lib/libzip.so
7efd6ba79000-7efd6ba7d000 r-xp 00002000 08:02 9965478                    /usr/lib/jvm/java-11-openjdk-amd64/lib/libzip.so
7efd6ba7d000-7efd6ba7f000 r--p 00006000 08:02 9965478                    /usr/lib/jvm/java-11-openjdk-amd64/lib/libzip.so
7efd6ba7f000-7efd6ba80000 r--p 00007000 08:02 9965478                    /usr/lib/jvm/java-11-openjdk-amd64/lib/libzip.so
7efd6ba80000-7efd6ba81000 rw-p 00008000 08:02 9965478                    /usr/lib/jvm/java-11-openjdk-amd64/lib/libzip.so
7efd6ba81000-7efd6ba89000 rw-s 00000000 08:02 16908551                   /tmp/hsperfdata_admin1/31568
7efd6ba89000-7efd6ba96000 r--p 00000000 08:02 9965457                    /usr/lib/jvm/java-11-openjdk-amd64/lib/libjava.so
7efd6ba96000-7efd6baad000 r-xp 0000d000 08:02 9965457                    /usr/lib/jvm/java-11-openjdk-amd64/lib/libjava.so
7efd6baad000-7efd6bab4000 r--p 00024000 08:02 9965457                    /usr/lib/jvm/java-11-openjdk-amd64/lib/libjava.so
7efd6bab4000-7efd6bab5000 r--p 0002a000 08:02 9965457                    /usr/lib/jvm/java-11-openjdk-amd64/lib/libjava.so
7efd6bab5000-7efd6bab7000 rw-p 0002b000 08:02 9965457                    /usr/lib/jvm/java-11-openjdk-amd64/lib/libjava.so
7efd6bab7000-7efd6bab9000 r--p 00000000 08:02 12719040                   /lib/x86_64-linux-gnu/librt-2.28.so
7efd6bab9000-7efd6babd000 r-xp 00002000 08:02 12719040                   /lib/x86_64-linux-gnu/librt-2.28.so
7efd6babd000-7efd6babf000 r--p 00006000 08:02 12719040                   /lib/x86_64-linux-gnu/librt-2.28.so
7efd6babf000-7efd6bac0000 r--p 00007000 08:02 12719040                   /lib/x86_64-linux-gnu/librt-2.28.so
7efd6bac0000-7efd6bac1000 rw-p 00008000 08:02 12719040                   /lib/x86_64-linux-gnu/librt-2.28.so
7efd6bac1000-7efd6bac5000 ---p 00000000 00:00 0 
7efd6bac5000-7efd6bbc2000 rw-p 00000000 00:00 0 
7efd6bbc2000-7efd6bbc5000 r--p 00000000 08:02 12718937                   /lib/x86_64-linux-gnu/libgcc_s.so.1
7efd6bbc5000-7efd6bbd6000 r-xp 00003000 08:02 12718937                   /lib/x86_64-linux-gnu/libgcc_s.so.1
7efd6bbd6000-7efd6bbd9000 r--p 00014000 08:02 12718937                   /lib/x86_64-linux-gnu/libgcc_s.so.1
7efd6bbd9000-7efd6bbda000 ---p 00017000 08:02 12718937                   /lib/x86_64-linux-gnu/libgcc_s.so.1
7efd6bbda000-7efd6bbdb000 r--p 00017000 08:02 12718937                   /lib/x86_64-linux-gnu/libgcc_s.so.1
7efd6bbdb000-7efd6bbdc000 rw-p 00018000 08:02 12718937                   /lib/x86_64-linux-gnu/libgcc_s.so.1
7efd6bbdc000-7efd6bbe9000 r--p 00000000 08:02 12718963                   /lib/x86_64-linux-gnu/libm-2.28.so
7efd6bbe9000-7efd6bc94000 r-xp 0000d000 08:02 12718963                   /lib/x86_64-linux-gnu/libm-2.28.so
7efd6bc94000-7efd6bd67000 r--p 000b8000 08:02 12718963                   /lib/x86_64-linux-gnu/libm-2.28.so
7efd6bd67000-7efd6bd68000 r--p 0018a000 08:02 12718963                   /lib/x86_64-linux-gnu/libm-2.28.so
7efd6bd68000-7efd6bd69000 rw-p 0018b000 08:02 12718963                   /lib/x86_64-linux-gnu/libm-2.28.so
7efd6bd69000-7efd6bdf2000 r--p 00000000 08:02 9970084                    /usr/lib/x86_64-linux-gnu/libstdc++.so.6.0.25
7efd6bdf2000-7efd6bea5000 r-xp 00089000 08:02 9970084                    /usr/lib/x86_64-linux-gnu/libstdc++.so.6.0.25
7efd6bea5000-7efd6bee3000 r--p 0013c000 08:02 9970084                    /usr/lib/x86_64-linux-gnu/libstdc++.so.6.0.25
7efd6bee3000-7efd6beed000 r--p 00179000 08:02 9970084                    /usr/lib/x86_64-linux-gnu/libstdc++.so.6.0.25
7efd6beed000-7efd6beef000 rw-p 00183000 08:02 9970084                    /usr/lib/x86_64-linux-gnu/libstdc++.so.6.0.25
7efd6beef000-7efd6bef3000 rw-p 00000000 00:00 0 
7efd6bef3000-7efd6c180000 r--p 00000000 08:02 9965482                    /usr/lib/jvm/java-11-openjdk-amd64/lib/server/libjvm.so
7efd6c180000-7efd6ccc1000 r-xp 0028d000 08:02 9965482                    /usr/lib/jvm/java-11-openjdk-amd64/lib/server/libjvm.so
7efd6ccc1000-7efd6cf08000 r--p 00dce000 08:02 9965482                    /usr/lib/jvm/java-11-openjdk-amd64/lib/server/libjvm.so
7efd6cf08000-7efd6cfd0000 r--p 01014000 08:02 9965482                    /usr/lib/jvm/java-11-openjdk-amd64/lib/server/libjvm.so
7efd6cfd0000-7efd6d00a000 rw-p 010dc000 08:02 9965482                    /usr/lib/jvm/java-11-openjdk-amd64/lib/server/libjvm.so
7efd6d00a000-7efd6d061000 rw-p 00000000 00:00 0 
7efd6d061000-7efd6d067000 r--p 00000000 08:02 12719032                   /lib/x86_64-linux-gnu/libpthread-2.28.so
7efd6d067000-7efd6d076000 r-xp 00006000 08:02 12719032                   /lib/x86_64-linux-gnu/libpthread-2.28.so
7efd6d076000-7efd6d07c000 r--p 00015000 08:02 12719032                   /lib/x86_64-linux-gnu/libpthread-2.28.so
7efd6d07c000-7efd6d07d000 r--p 0001a000 08:02 12719032                   /lib/x86_64-linux-gnu/libpthread-2.28.so
7efd6d07d000-7efd6d07e000 rw-p 0001b000 08:02 12719032                   /lib/x86_64-linux-gnu/libpthread-2.28.so
7efd6d07e000-7efd6d082000 rw-p 00000000 00:00 0 
7efd6d082000-7efd6d083000 r--p 00000000 08:02 12718923                   /lib/x86_64-linux-gnu/libdl-2.28.so
7efd6d083000-7efd6d085000 r-xp 00001000 08:02 12718923                   /lib/x86_64-linux-gnu/libdl-2.28.so
7efd6d085000-7efd6d086000 r--p 00003000 08:02 12718923                   /lib/x86_64-linux-gnu/libdl-2.28.so
7efd6d086000-7efd6d087000 r--p 00003000 08:02 12718923                   /lib/x86_64-linux-gnu/libdl-2.28.so
7efd6d087000-7efd6d088000 rw-p 00004000 08:02 12718923                   /lib/x86_64-linux-gnu/libdl-2.28.so
7efd6d088000-7efd6d0a4000 r-xp 00000000 08:02 12719071                   /lib/x86_64-linux-gnu/libz.so.1.2.11
7efd6d0a4000-7efd6d2a3000 ---p 0001c000 08:02 12719071                   /lib/x86_64-linux-gnu/libz.so.1.2.11
7efd6d2a3000-7efd6d2a4000 r--p 0001b000 08:02 12719071                   /lib/x86_64-linux-gnu/libz.so.1.2.11
7efd6d2a4000-7efd6d2a5000 rw-p 0001c000 08:02 12719071                   /lib/x86_64-linux-gnu/libz.so.1.2.11
7efd6d2a5000-7efd6d2c7000 r--p 00000000 08:02 12718902                   /lib/x86_64-linux-gnu/libc-2.28.so
7efd6d2c7000-7efd6d438000 r-xp 00022000 08:02 12718902                   /lib/x86_64-linux-gnu/libc-2.28.so
7efd6d438000-7efd6d484000 r--p 00193000 08:02 12718902                   /lib/x86_64-linux-gnu/libc-2.28.so
7efd6d484000-7efd6d485000 ---p 001df000 08:02 12718902                   /lib/x86_64-linux-gnu/libc-2.28.so
7efd6d485000-7efd6d489000 r--p 001df000 08:02 12718902                   /lib/x86_64-linux-gnu/libc-2.28.so
7efd6d489000-7efd6d48b000 rw-p 001e3000 08:02 12718902                   /lib/x86_64-linux-gnu/libc-2.28.so
7efd6d48b000-7efd6d48f000 rw-p 00000000 00:00 0 
7efd6d492000-7efd6d493000 ---p 00000000 00:00 0 
7efd6d493000-7efd6d494000 r--p 00000000 00:00 0 
7efd6d494000-7efd6d499000 r--p 00000000 08:02 9965477                    /usr/lib/jvm/java-11-openjdk-amd64/lib/libverify.so
7efd6d499000-7efd6d4a0000 r-xp 00005000 08:02 9965477                    /usr/lib/jvm/java-11-openjdk-amd64/lib/libverify.so
7efd6d4a0000-7efd6d4a2000 r--p 0000c000 08:02 9965477                    /usr/lib/jvm/java-11-openjdk-amd64/lib/libverify.so
7efd6d4a2000-7efd6d4a4000 r--p 0000d000 08:02 9965477                    /usr/lib/jvm/java-11-openjdk-amd64/lib/libverify.so
7efd6d4a4000-7efd6d4a5000 rw-p 0000f000 08:02 9965477                    /usr/lib/jvm/java-11-openjdk-amd64/lib/libverify.so
7efd6d4a5000-7efd6d4a8000 r--p 00000000 08:02 9965442                    /usr/lib/jvm/java-11-openjdk-amd64/lib/jli/libjli.so
7efd6d4a8000-7efd6d4b2000 r-xp 00003000 08:02 9965442                    /usr/lib/jvm/java-11-openjdk-amd64/lib/jli/libjli.so
7efd6d4b2000-7efd6d4b5000 r--p 0000d000 08:02 9965442                    /usr/lib/jvm/java-11-openjdk-amd64/lib/jli/libjli.so
7efd6d4b5000-7efd6d4b6000 r--p 0000f000 08:02 9965442                    /usr/lib/jvm/java-11-openjdk-amd64/lib/jli/libjli.so
7efd6d4b6000-7efd6d4b7000 rw-p 00010000 08:02 9965442                    /usr/lib/jvm/java-11-openjdk-amd64/lib/jli/libjli.so
7efd6d4b7000-7efd6d4b9000 rw-p 00000000 00:00 0 
7efd6d4b9000-7efd6d4ba000 r--p 00000000 08:02 12718876                   /lib/x86_64-linux-gnu/ld-2.28.so
7efd6d4ba000-7efd6d4da000 r-xp 00001000 08:02 12718876                   /lib/x86_64-linux-gnu/ld-2.28.so
7efd6d4da000-7efd6d4e2000 r--p 00021000 08:02 12718876                   /lib/x86_64-linux-gnu/ld-2.28.so
7efd6d4e2000-7efd6d4e3000 r--p 00028000 08:02 12718876                   /lib/x86_64-linux-gnu/ld-2.28.so
7efd6d4e3000-7efd6d4e4000 rw-p 00029000 08:02 12718876                   /lib/x86_64-linux-gnu/ld-2.28.so
7efd6d4e4000-7efd6d4e5000 rw-p 00000000 00:00 0 
7fff8b2c0000-7fff8b2e3000 rw-p 00000000 00:00 0                          [stack]
7fff8b326000-7fff8b329000 r--p 00000000 00:00 0                          [vvar]
7fff8b329000-7fff8b32b000 r-xp 00000000 00:00 0                          [vdso]
ffffffffff600000-ffffffffff601000 r-xp 00000000 00:00 0                  [vsyscall]


VM Arguments:
jvm_args: -Dcom.sun.management.jmxremote -Dcom.sun.management.jmxremote.port=37223 -Dcom.sun.management.jmxremote.authenticate=false -Dcom.sun.management.jmxremote.ssl=false -Djava.rmi.server.hostname=localhost -Dspring.liveBeansView.mbeanDomain -Dspring.application.admin.enabled=true -Djava.security.egd=file:/dev/./urandom -Xverify:none -XX:TieredStopAtLevel=1 -Dfile.encoding=UTF-8 
java_command: com.api.notes.NoteserviceApplication --spring.output.ansi.enabled=always
java_class_path (initial): /home/admin1/Desktop/Aksh/FundooApp/noteservice/target/classes:/home/admin1/.m2/repository/org/springframework/boot/spring-boot-starter-data-jpa/2.1.2.RELEASE/spring-boot-starter-data-jpa-2.1.2.RELEASE.jar:/home/admin1/.m2/repository/org/springframework/boot/spring-boot-starter-aop/2.1.2.RELEASE/spring-boot-starter-aop-2.1.2.RELEASE.jar:/home/admin1/.m2/repository/org/springframework/spring-aop/5.1.4.RELEASE/spring-aop-5.1.4.RELEASE.jar:/home/admin1/.m2/repository/org/aspectj/aspectjweaver/1.9.2/aspectjweaver-1.9.2.jar:/home/admin1/.m2/repository/org/springframework/boot/spring-boot-starter-jdbc/2.1.2.RELEASE/spring-boot-starter-jdbc-2.1.2.RELEASE.jar:/home/admin1/.m2/repository/com/zaxxer/HikariCP/3.2.0/HikariCP-3.2.0.jar:/home/admin1/.m2/repository/org/springframework/spring-jdbc/5.1.4.RELEASE/spring-jdbc-5.1.4.RELEASE.jar:/home/admin1/.m2/repository/javax/transaction/javax.transaction-api/1.3/javax.transaction-api-1.3.jar:/home/admin1/.m2/repository/javax/xml/bind/jaxb-api/2.3.1/jaxb-api-2.3.1.jar:/home/admin1/.m2/repository/javax/activation/javax.activation-api/1.2.0/javax.activation-api-1.2.0.jar:/home/admin1/.m2/repository/org/hibernate/hibernate-core/5.3.7.Final/hibernate-core-5.3.7.Final.jar:/home/admin1/.m2/repository/org/jboss/logging/jboss-logging/3.3.2.Final/jboss-logging-3.3.2.Final.jar:/home/admin1/.m2/repository/javax/persistence/javax.persistence-api/2.2/javax.persistence-api-2.2.jar:/home/admin1/.m2/repository/org/javassist/javassist/3.23.1-GA/javassist-3.23.1-GA.jar:/home/admin1/.m2/repository/net/bytebuddy/byte-buddy/1.9.7/byte-buddy-1.9.7.jar:/home/admin1/.m2/repository/antlr/antlr/2.7.7/antlr-2.7.7.jar:/home/admin1/.m2/repository/org/jboss/jandex/2.0.5.Final/jandex-2.0.5.Final.jar:/home/admin1/.m2/repository/org/dom4j/dom4j/2.1.1/dom4j-2.1.1.jar:/home/admin1/.m2/repository/org/hibernate/common/hibernate-commons-annotations/5.0.4.Final/hibernate-commons-annotations-5.0.4.Final.jar:/home/admin1/.m2/repository/org/sprin
Launcher Type: SUN_STANDARD

[Global flags]
     bool BytecodeVerificationLocal                = false                                     {product} {command line}
     bool BytecodeVerificationRemote               = false                                     {product} {command line}
     intx CICompilerCount                          = 3                                         {product} {ergonomic}
     uint ConcGCThreads                            = 1                                         {product} {ergonomic}
     uint G1ConcRefinementThreads                  = 4                                         {product} {ergonomic}
   size_t G1HeapRegionSize                         = 1048576                                   {product} {ergonomic}
    uintx GCDrainStackTargetSize                   = 64                                        {product} {ergonomic}
   size_t InitialHeapSize                          = 130023424                                 {product} {ergonomic}
     bool ManagementServer                         = true                                      {product} {command line}
   size_t MarkStackSize                            = 4194304                                   {product} {ergonomic}
   size_t MaxHeapSize                              = 2063597568                                {product} {ergonomic}
   size_t MaxNewSize                               = 1237319680                                {product} {ergonomic}
   size_t MinHeapDeltaBytes                        = 1048576                                   {product} {ergonomic}
    uintx NonNMethodCodeHeapSize                   = 6973028                                {pd product} {ergonomic}
    uintx NonProfiledCodeHeapSize                  = 244685212                              {pd product} {ergonomic}
    uintx ProfiledCodeHeapSize                     = 0                                      {pd product} {ergonomic}
    uintx ReservedCodeCacheSize                    = 251658240                              {pd product} {ergonomic}
     bool SegmentedCodeCache                       = true                                      {product} {ergonomic}
     intx TieredStopAtLevel                        = 1                                         {product} {command line}
     bool UseCompressedClassPointers               = true                                 {lp64_product} {ergonomic}
     bool UseCompressedOops                        = true                                 {lp64_product} {ergonomic}
     bool UseG1GC                                  = true                                      {product} {ergonomic}

Logging:
Log output configuration:
 #0: stdout all=warning uptime,level,tags
 #1: stderr all=off uptime,level,tags

Environment Variables:
PATH=/usr/local/sbin:/usr/local/bin:/usr/sbin:/usr/bin:/sbin:/bin:/usr/games:/usr/local/games:/snap/bin
USERNAME=admin1
SHELL=/bin/bash
DISPLAY=:0

Signal Handlers:
SIGSEGV: [libjvm.so+0xd54b00], sa_mask[0]=11111111011111111101111111111110, sa_flags=SA_RESTART|SA_SIGINFO
SIGBUS: [libjvm.so+0xd54b00], sa_mask[0]=11111111011111111101111111111110, sa_flags=SA_RESTART|SA_SIGINFO
SIGFPE: [libjvm.so+0xd54b00], sa_mask[0]=11111111011111111101111111111110, sa_flags=SA_RESTART|SA_SIGINFO
SIGPIPE: [libjvm.so+0xb5cc10], sa_mask[0]=11111111011111111101111111111110, sa_flags=SA_RESTART|SA_SIGINFO
SIGXFSZ: [libjvm.so+0xb5cc10], sa_mask[0]=11111111011111111101111111111110, sa_flags=SA_RESTART|SA_SIGINFO
SIGILL: [libjvm.so+0xd54b00], sa_mask[0]=11111111011111111101111111111110, sa_flags=SA_RESTART|SA_SIGINFO
SIGUSR2: [libjvm.so+0xb5caa0], sa_mask[0]=00100000000000000000000000000000, sa_flags=SA_RESTART|SA_SIGINFO
SIGHUP: [libjvm.so+0xb5d010], sa_mask[0]=11111111011111111101111111111110, sa_flags=SA_RESTART|SA_SIGINFO
SIGINT: [libjvm.so+0xb5d010], sa_mask[0]=11111111011111111101111111111110, sa_flags=SA_RESTART|SA_SIGINFO
SIGTERM: [libjvm.so+0xb5d010], sa_mask[0]=11111111011111111101111111111110, sa_flags=SA_RESTART|SA_SIGINFO
SIGQUIT: [libjvm.so+0xb5d010], sa_mask[0]=11111111011111111101111111111110, sa_flags=SA_RESTART|SA_SIGINFO


---------------  S Y S T E M  ---------------

OS:DISTRIB_ID=Ubuntu
DISTRIB_RELEASE=18.10
DISTRIB_CODENAME=cosmic
DISTRIB_DESCRIPTION="Ubuntu 18.10"
uname:Linux 4.18.0-15-generic #16-Ubuntu SMP Thu Feb 7 10:56:39 UTC 2019 x86_64
libc:glibc 2.28 NPTL 2.28 
rlimit: STACK 8192k, CORE 0k, NPROC 30561, NOFILE 4096, AS infinity, DATA infinity, FSIZE infinity
load average:3.09 1.54 1.15

/proc/meminfo:
MemTotal:        8055572 kB
MemFree:          100652 kB
MemAvailable:     296456 kB
Buffers:           39556 kB
Cached:           815212 kB
SwapCached:        16508 kB
Active:          6155384 kB
Inactive:        1292700 kB
Active(anon):    5941164 kB
Inactive(anon):  1145004 kB
Active(file):     214220 kB
Inactive(file):   147696 kB
Unevictable:          64 kB
Mlocked:              64 kB
SwapTotal:       2097148 kB
SwapFree:           4168 kB
Dirty:                96 kB
Writeback:          2160 kB
AnonPages:       6577848 kB
Mapped:           631416 kB
Shmem:            494192 kB
Slab:             251700 kB
SReclaimable:     105444 kB
SUnreclaim:       146256 kB
KernelStack:       28000 kB
PageTables:       114104 kB
NFS_Unstable:          0 kB
Bounce:                0 kB
WritebackTmp:          0 kB
CommitLimit:     6124932 kB
Committed_AS:   27240676 kB
VmallocTotal:   34359738367 kB
VmallocUsed:           0 kB
VmallocChunk:          0 kB
HardwareCorrupted:     0 kB
AnonHugePages:         0 kB
ShmemHugePages:        0 kB
ShmemPmdMapped:        0 kB
CmaTotal:              0 kB
CmaFree:               0 kB
HugePages_Total:       0
HugePages_Free:        0
HugePages_Rsvd:        0
HugePages_Surp:        0
Hugepagesize:       2048 kB
Hugetlb:               0 kB
DirectMap4k:      533816 kB
DirectMap2M:     7743488 kB


/proc/sys/kernel/threads-max (system-wide limit on the number of threads):
61122


/proc/sys/vm/max_map_count (maximum number of memory map areas a process may have):
65530


/proc/sys/kernel/pid_max (system-wide limit on number of process identifiers):
32768


container (cgroup) information:
container_type: cgroupv1
cpu_cpuset_cpus: 0-3
cpu_memory_nodes: 0
active_processor_count: 4
cpu_quota: -1
cpu_period: 100000
cpu_shares: -1
memory_limit_in_bytes: -1
memory_and_swap_limit_in_bytes: -2
memory_soft_limit_in_bytes: -1
memory_usage_in_bytes: 2227544064
memory_max_usage_in_bytes: 2227544064


CPU:total 4 (initial active 4) (4 cores per cpu, 1 threads per core) family 6 model 42 stepping 7, cmov, cx8, fxsr, mmx, sse, sse2, sse3, ssse3, sse4.1, sse4.2, popcnt, avx, aes, clmul, tsc, tscinvbit
CPU Model and flags from /proc/cpuinfo:
model name	: Intel(R) Core(TM) i5-2500 CPU @ 3.30GHz
flags		: fpu vme de pse tsc msr pae mce cx8 apic sep mtrr pge mca cmov pat pse36 clflush dts acpi mmx fxsr sse sse2 ss ht tm pbe syscall nx rdtscp lm constant_tsc arch_perfmon pebs bts rep_good nopl xtopology nonstop_tsc cpuid aperfmperf pni pclmulqdq dtes64 monitor ds_cpl vmx smx est tm2 ssse3 cx16 xtpr pdcm pcid sse4_1 sse4_2 x2apic popcnt tsc_deadline_timer aes xsave avx lahf_lm epb pti ssbd ibrs ibpb stibp tpr_shadow vnmi flexpriority ept vpid xsaveopt dtherm ida arat pln pts flush_l1d

Memory: 4k page, physical 8055572k(100652k free), swap 2097148k(4168k free)

vm_info: OpenJDK 64-Bit Server VM (11.0.1+13-Ubuntu-3ubuntu3.18.10.1) for linux-amd64 JRE (11.0.1+13-Ubuntu-3ubuntu3.18.10.1), built on Jan 14 2019 04:14:40 by "buildd" with gcc 8.2.0

END.
